ne - what
noktacıklar - spots/dots [diminutive]
teperşü - <not a word>
söylemeyi - like "to say" in "forgot to say"
gitmektedir - somewhat like "is in the process of going/leaving"
bakmasının - of (someone's action of) looking [genitive], such as in "nothing wrong with him looking here"
tutuyorlar - they are holding
sıvısının - of the liquid of (something) [genitive]
hikumluğunun -  <not a word>
beğendim - I liked/enjoyed it
dokundurmadan - without touching/making something touch
ihtimale - possibility [dative]
yormak - to tire (someone/something)
durulmuyor - cannot be stopped, such as in "this place cannot be stopped in"
trenlerle - with trains
şüphelerin - your suspicions
sokarak - by inserting
sandallar - sandals
başhekimi - the chief physician [accusative]
telefonu - the phone [accusative]
parlantacı - <not a word> ("pırlantacı = jeweller")
tekerlek - wheel
konukları - guests [accusative]
üstününun - of (something's) top [genitive]
hissiyatını - (his/her/its) feelings [accusative]{old}
ağızda - at the mouth
beygirliğini - (his/her/its) horseness [accusative]
mektepli - student {old}
tutunuyorlar - they are holding on
kimine - to some, such as in "according to some, ..."
yetmesiz - <not a word>
bunur - <not a word>
keyfî - arbitrary
zavallıyı - the poor thing [accusative]
dizilerindir - (it) is of/belongs to sequences/(tv)shows
makineci - mechanic
kumandanlığı - <not a word> ("kumandalığı = the remote holder [accusative]")
yardımının - of (his/her/its/your) help
kazanarak - by winning
ustacangın - <not a word>
zeybekli - with Zeybek (Turkish folk dance/dancers involved in it)
sitarama - <not a word>
çırpıtacak - will splash/slosh {uncommon}
dördü - four (of them)/ four [accusative]
buru - ache {uncommon}
kırıldı - (he/she/it) broke
sapari - <not a word>
istetice - <not a word>
birebirdiği - <not a word>
fitillerinin - of (their) fuses
istenmiyor - is unwanted
pervanelere - to the propellers
yüzerk - <not a word>
silahlı - armed, such as in "he's armed"
donayı - <not a word>
harfi - letter [accusative], such as in "show the letter that is not in the alphabet"
içerdedirmeye - <not a word>
çiçeklendi - bloomed
efendi'ye - to the master/lord
gelinimceyi - <not a word>
paride - <not a word>
litele - <not a word>
gidin - (plural you/respectful singular you) go/leave 
taslarımla - with my bowls {old-ish}
nal - horseshoe
bastonuhak - <not a word>
türkülerindeki - the one in their türküs (Türkü = Turkish folk songs)
korkalayarak - <not a word>
yankılılı - <not a word> ("yankılı" = reverberant)
döndüğüm - that which I returned (to/on), such as in "the day I returned" 
atıldı - got fired/thrown/thrown away
sarhoşun - of (a/the) drunk
jenverilebilin - <not a word>
kokan - that which smells
görüşen - that which meets
nazirelerde - in the nazires (Nazire = a poem written in the same properties (rhyme, meter, etc) as another poet's work)
münakaşa - dispute {old}
arabacıya - to the coachman
din - religion
tomurcukla - with (a/the) bud
anadolu - anatolia
yaylaklarına - to their highlands
okulsun - you are (a/the) school
taramak - to scan/comb
sezmeli - (he/she/it) must sense
yuktum - <not a word> ("yoktum" = I was not present, "yaktım" = I burned (something))
çevirmedi - did not turn/translate
verene - to the one who gives
gözetledi - (he/she/it) observed/spied/guarded
kortuz - <not a word>
alamaz - (he/she/it) can not take
yarlarına - to (someone's/something's) cliffs
ellerindeki - the one in your hands
piyasasının - of its market
huyus - <not a word>
satırım - my row/line, as in rows in a table or lines in a text
zeliha - feminine name, meaning "nymph"
taraftarlığında - in your supportiveness, when talking about competitive subjects such as sports
zevklerinden - of your tastes
izdivaç - marriage {old}
yokladığı - the one (he/she/it) polled/checked/searched (for the existance of something), such as in "the drawer he checked"
tıkıştırır - (he/she/it) crams
uğruyor - (he/she/it) is stopping by
ekoloji - ecology
serdar'ın - Serdar's (Serdar = masculine name, meaning "supreme commander (Ottoman)")
k - <not applicable>