----------------------------------------
Data path: ./UD_Turkish-Kenet/tr_words_train_filtered_shuf.txt
Data has 364566 characters, 39 unique
----------------------------------------
Epoch: 1 	 Loss: 2.07995995
----------------------------------------
taşıbiliniz
öyleyişim
arakalılara
şerninizi
saranesinden
ünen
şukendiğin
çağlıyoruz
ediyorduğum
üstezeranarak
mesleye
zalılıkla
neyakaları
içoya
ilem
istayle
boriskoha
aralamalar
bulukluklara
köçündü
n
----------------------------------------
Epoch: 2 	 Loss: 1.76715575
----------------------------------------

döndüreceklerin
avlusiyle
öçünle
sakladık
korayan
yamur
enastan
harganlara
alıncık
oyguluklar
dilinden
cavarlarıyla
şamarası
halkı
kupvalı
basit'in
köfçilerinden
yakalamışlar
azabımı
rainli
yonmasın
m
----------------------------------------
Epoch: 3 	 Loss: 1.66021294
----------------------------------------
ının
kandeylere
yaralamalıydı
türtüyle
dolaştığımın
çocuklar
sfatiphasında
tak
astinin
dağıldırdı
sarılmadığı
stron
hortuları
yetiştiricilikle
üzünme
söylediktemiyorum
seylerle
toparak
şimine
söylediği
----------------------------------------
Epoch: 4 	 Loss: 1.59832117
----------------------------------------
i
öylümü
peşinde
yadıklı
ikmarlıktayım
sevdiğimi
varıvermiş
toplatır
misakârın
paralattığı
alacaktım
dokuzda
geçebilmişti
kopa
salamdan
yoğun
utankanlığı
arkalı
savunduruyorlardı
locaydılar
huturati
ta
----------------------------------------
Epoch: 5 	 Loss: 1.55864338
----------------------------------------
vallı
inanlabildiği
iterdiler
karşıladı
tersanelik
urtalayan
püflüleriyle
arkadaşısının
cimitimi
birikmelisin
büyükleri
sürenleri
fısılcı
yaraları
mertep
burdu
değilmezlik
parayı
duyarız
odelerde
nülal
----------------------------------------
Epoch: 6 	 Loss: 1.53305220
----------------------------------------

tutmadığının
telgrası
çiftliğin
başlanmaların
lalvarına
rasvalt'ın
soysunluklarından
endekin
dağılmaz
kütükten
aşılmamış
arabalığın
tempiç
ettirirdim
duydum
çıktızlar
yelseleriz
yaşadılar
amajın
düşma
----------------------------------------
Epoch: 7 	 Loss: 1.51549032
----------------------------------------
inin
iyilikle
marka
yetip
pazarlar
gelerek
frendi
larından
konuşunu
derisi
yerleştiren
gitti
ötettiğimden
yaşatmıştı
sarmalıyordu
bulunurdum
bugünün
ediyorduk
ballanmalara
küçümsün
bakındığım
ettirirke
----------------------------------------
Epoch: 8 	 Loss: 1.50402944
----------------------------------------
sorum
günahyayı
somandıryarak
çubuklar
şümriyetinde
umutlu
dudaklarımda
tanıyorlardı
yavrulamamayı
kahvasından
sanatçıların
bedirleşti
birliğime
peşliğeni
talıyı
memurlar
senatalar
açılarak
hallıyma
za
----------------------------------------
Epoch: 9 	 Loss: 1.49619791
----------------------------------------
li
koruluklarla
karışmaya
katıp
medidiyor
artırıp
balkon
okuyan
evliloymaya
açılıyor
ekicinin
hadtiyanların
muharririmkin
kaynaklarıyla
mücail
kılçı
avuçlıdır
söylemenin
düşerdi
kelmeye
sırpıyorlardı
m
----------------------------------------
Epoch: 10 	 Loss: 1.49135530
----------------------------------------
ngefilliğen
mümaliye
beslama
olunan
etmişler
cradisinde
turhatıyla
maaslar
kuracağına
mızıklığıdır
safrasının
basakçılarımda
türk'ün
üyelerini
uyandıklarının
rasttan
yetişivermiştim
gırtlı
oturarak
çam
----------------------------------------
Epoch: 11 	 Loss: 1.48826611
----------------------------------------
atımına
zaarskâr
pırıltılardan
tabaralarının
nefesle
keyifsizce
lokantalı
ziyahların
keşfediyordum
terası
tapargasından
dobaca
gerçektir
ruhunu
etmiştir
bahtiyariçiye
iktiyatlı
babailiklerin
anayak
ett
----------------------------------------
Epoch: 12 	 Loss: 1.48797530
----------------------------------------
in
çökmesine
selili
sokaklarını
ruhumatkı
kırmalı
uklu
almasının
eftibalı
löpretik
olsaydı
hastanemden
götüreceğiz
anladım
kafalı
kahvesinim
sebvabanın
kıyısına
hölve
talımı
rakıyım
üflüyor
olunmak
pıl
----------------------------------------
Epoch: 13 	 Loss: 1.48971946
----------------------------------------

sosulaymış
okuluna
üfkürüyor
tablosu
lakırtılara
kazançları
ilkelerimiz
kahramanlarından
yolculuğa
tasarısıyım
senesi
görmüyordu
suretleyip
damgalarının
neselenin
kimsece
güllah
ağırdı
çağlıyor
kirle

----------------------------------------
Epoch: 14 	 Loss: 1.48890246
----------------------------------------
flerle
çatırıp
oynaşır
sevgili
yalnızladılar
gerekleri
çizgilenmiş
hayankârın
çözürdü
bütünü
alçalıkta
taban
ayrıyım
pularca
karıştırabildiğini
aksımılık
muharim
frizde
işık
yaslayan
turgut
tizmiyle
de
----------------------------------------
Epoch: 15 	 Loss: 1.48810517
----------------------------------------
en
çeşeç
tellanına
tanımadı
sarsüslerinin
çilelerine
yuruşakları
günlerden
üsküdar'a
ordu
tanıktır
yurun
sevmek
serpersin
arazist
elbetçilerinde
tıçarlak
yağın
uçkurdu
görmez
yürüdüğünden
debri
bulunma
----------------------------------------
Epoch: 16 	 Loss: 1.49362831
----------------------------------------

kabul
keminden
zelgeler
nasmetlerine
ilgisizliğine
çözüm
lakım
hakikatte
klafından
baaçlı
algalı
kırkım
faorkenin
borca
yazmalılara
yazmıştım
maharet
ivle
restanları
simgi
elmastır
üşenirdi
tabağa
yür
----------------------------------------
Epoch: 17 	 Loss: 1.49644690
----------------------------------------
dir
balıklar
bahti'ni
aksis
itiliyordu
duranakallıkça
hacet
yırttık
davanın
sortlar
başladığından
görmemişlerdi
incilerdi
savurması
gözünde
tamladıysınız
sığınlarında
düşük
itinacıydı
cirketimle
biriki
----------------------------------------
Epoch: 18 	 Loss: 1.50101845
----------------------------------------
tifi
darlık
üfürdür
seyahlı
koymuştu
emiakine
oyalamadığı
piritaji
gürleyişidir
cimilerin
oyun
perdelemeye
kıvmıyorlarım
doğurdum
kayızçodur
kugamı
iniltiği
camcava
yurdula
mahiyü
birilmek
vesikayalar

----------------------------------------
Epoch: 19 	 Loss: 1.50051264
----------------------------------------
ede
gayrusu'nun
taşıyış
haykıra
kurtarmacılıklar
isteyiniz
turantasını
sızılacaktır
emzilmeyi
kordon
çalışan
sarhoş
tebeşkârlıkta
gıyar
kaptanlarına
lüfumluğu
manşara'ya
ışıldayacak
voltanin
inhikamını
----------------------------------------
Epoch: 20 	 Loss: 1.49824025
----------------------------------------
na
temizlemeye
nöbetli
köylünün
üfürledi
öldürür
hayallerinde
reyansızlık
çarkı
araştırdığu
yuvarlılardan
giysiyim
çarşafılarına
muhkak
artık
manevi
elefinde
münhalesin
entareliğini
arttırdı
şul
büroki
----------------------------------------
Epoch: 21 	 Loss: 1.51490776
----------------------------------------
di
tecyirli
yarıştım
çözülmüşlü
ales
inincesine
mafefendiği
memudileri
bura
topluydu
reygamların
içirdiğimiz
görülmemiştir
takım
münasebebik
etkiler
başvuk
kadınları
yüksüzleri
nelerin
enfestansız
çift
----------------------------------------
Epoch: 22 	 Loss: 1.56892092
----------------------------------------
l
müdaf
törlüler
güzilere
vazıldığını
tayerin
önlemek
gücümlü
aldırdı
dokundan
vururumamdır
vukusunu
şansımdı
gölüğünü
ötesinde
necir
edebi
kurunaşıldığını
harni
şehalet
akirenste
ölmesine
yargıyı
sile
----------------------------------------
Epoch: 23 	 Loss: 1.61085399
----------------------------------------
sinde
siçercesine
sayar
enfterli
makinahanesinde
edilemezler
muşamak
koridolojisin
sürülenir
tirkne
kalktan
kesksine
galişçide
asatınan
arestaneyin
zeytini
memuriyeti
huzurun
aldı
ittitenin
yaşmacalığı
----------------------------------------
Epoch: 24 	 Loss: 1.65033461
----------------------------------------
k
hakıyi
koşuşlamın
eridim
teknünahçeli
bildi
tırbalar
oturuvurdu
kıdrılaşması
terrisime
karikuyü
tilalıyordu
getirici
etmeyeme
yanyasında
kaçilaları
fırlıyor
terli
haşitat
çektirdiği
sportta
dirimizi

----------------------------------------
Epoch: 25 	 Loss: 1.64799833
----------------------------------------

istifcarlılar
aldatım
girmen
uymaya
çaldırılıyor
rostitinde
kabırlayanlığın
sayılıklarımda
zifoşen
yatımda
edebildiğine
yakalarınla
mizansızlıklarında
kalkmamıma
bıçkıldı
gazıma
kirazında
tululu
itida
----------------------------------------
Epoch: 26 	 Loss: 1.63272199
----------------------------------------
z
çocuklar
adamı
yaptık
soruşturamazdı
toplayabilmekten
takmiyim
mıssara
kıyılmadan
gürültülükçe
ruhuktan
atthmanın
balıkamayı
tudur
tarlamış
serdane'e
şapirden
biçilir
katılıyordu
gölünlüğü
yetişerler
----------------------------------------
Epoch: 27 	 Loss: 1.62150200
----------------------------------------
erler
renci
duranlarında
defedemi
yunuma
inkilardır
vefam
kabvah
katla
mirasi
diyen
öğrettiğim
ilgisinde
boğuldular
ışıldım
dökmeye
enimizi
refateimmilli
yanışkanlığa
tuhlası
korudum
satılması
atmalara
----------------------------------------
Epoch: 28 	 Loss: 1.61421613
----------------------------------------
eli
dürtek
yaladına
husus
coğan
bükerjmeuyu
ridde
malda
evlerizin
başarılardı
tenciget
çizgerlik
turcunurlarda
değerken
uğrulculara
olmaya
kumandaşı
şahalarını
patısı
yün
tabağa
yumurt
isteyebilirim
al
----------------------------------------
Epoch: 29 	 Loss: 1.60434704
----------------------------------------
tiğimiz
külmüz
yaşlaşılırım
karşıhanını
sulle
hirsa
ihametçilerce
çörüme
kurulamaya
zarsi
edevayım
iklamalar
geçme
haleten
tıkalı
hareketle
bulmuyordu
masallohiyetimce
tutar
sıkıntılı
herkle
giyiyordu

----------------------------------------
Epoch: 30 	 Loss: 1.60212334
----------------------------------------

uğundan
yıllarından
vurgularının
selamlik
geleceğinde
calımı
teftaşttan
koyalım
köpür
güvrü
mahallîsiz
perinin
evlası
prensilikle
fahuk
pursasına
gezilmişti
marişeleri
havur
durmuş
akem
kalmışlardı
mi
----------------------------------------
Epoch: 31 	 Loss: 1.58633638
----------------------------------------
ılaşıyordu
nehri
albar
loatik
göudülerine
sefertürürken
tılmak
tarlarından
söylemiştik
taburca
beyilterdi
treplerden
sruel
gösterdi
koldun
virasyor
ifla
solsuzluk
redenlerin
mistekhanede
çöktü
vıçıkına
----------------------------------------
Epoch: 32 	 Loss: 1.58957651
----------------------------------------
kutüritiniz
cevabını
işaret
nakıldayız
kalgtarı'nde
efkârlarını
neklemektedir
vukaflık
tulu
acıbından
çalgada
niceri
görüyor
yataklarına
aralı
doğrulan
eriğire
tavanı
tapeden
iştaca
suruyordum
çaprıyım
----------------------------------------
Epoch: 33 	 Loss: 1.57201255
----------------------------------------
k
erarak
suntular
çarşılayıp
didiklenmiş
kutuyu
terzi
aynacak
öylelerdi
yetiştirilmek
yırttım
güzelliğin
entireminse
tutunma
öçmez
yücelmemiş
arızanlarda
bakışı
veptirici
arttım
yarışma
yaparlardı
iste
----------------------------------------
Epoch: 34 	 Loss: 1.56453230
----------------------------------------
klarının
tadik
bırakmazlar
şeydiya'dan
terli
tuksarda
ekstredir
bakmış
yayılmadıktan
ölümce
tarihleri
görünmekle
yadlanır
yanaklara
kötüler
düzgerler
söylerken
pazartın
korundu
soruşunlara
tabaik
sigor
----------------------------------------
Epoch: 35 	 Loss: 1.55119688
----------------------------------------
arı
zedelik
pusarak
bavuzlarının
aşmış
olmazsak
zalenada
kıyafettin
uyuşabiliyordum
sokul
arıya
hüzna
dövürülmüş
salebeli
davranan
bihlakiyi
alt
immağın
yabancıyız
foksilyo
zürederlerine
yatmıyordu
kay
----------------------------------------
Epoch: 36 	 Loss: 1.54764721
----------------------------------------
neliğe
köpercesi
hamallahayı'dan
cizayı
efendimde
davayda
esindi
mebula
hatsız
saltalılarında
erkeklerinde
saklaparek
rotesinden
inirersin
dukunca
harçka
vermişti
sanatçılar
bormaktayken
zeytini
çirkin
----------------------------------------
Epoch: 37 	 Loss: 1.53579454
----------------------------------------
ılar
sabahamı
göstermeden
vermiyordu
kötüye
cayılılarla
böğleleri
çatkım
söyleniyordum
maskaranin
düşkünlerimiz
mektup
pükkünetiyle
eritiye
kurupar
gölgelerdir
sırıktı
aksar
miyim
doyanmaktan
konferşi

----------------------------------------
Epoch: 38 	 Loss: 1.52986146
----------------------------------------
ık
teterle
isır
dölerek
görüyordu
muzaffalardı
attırılmış
kütürerken
böreklendi
seni
oynadık
takıcı
biçama
mücafırlarının
böreklerinden
söylüyorum
kararlaştırma
birene
meldanlarından
dalgabüs
sığıyorla
----------------------------------------
Epoch: 39 	 Loss: 1.54245877
----------------------------------------
ez
etmentini
lontik
başyazel
kulaklı
kelepli
firakı
yılarlarınız
topyulu
tark
ocağında
şişil
öksel
evlenen
reklat
bakışıyor
kitapçıklamışlar
gurup
kalktır
dili
erik
haykırarak
toplarından
karının
biyin
----------------------------------------
Epoch: 40 	 Loss: 1.54027456
----------------------------------------
ının
koyalım
pırsayın
örletti
turs'ta
vudayya
iriyor
sarıklı
nurlamak
taka
yumruğa
diyen
örseye
artığ
davanın
atada
sirkilmeyecek
ağırlarının
kalleşmişti
melonacı
tutuşan
kesillerini
laparya'ya
hastane
----------------------------------------
Epoch: 41 	 Loss: 1.54668019
----------------------------------------
ksız
tamtakların
dersinizin
ozarlardı
hısırdayan
süpürmüş
korudurtr
kaykaballeşmeyiğinin
otuzlarıyla
araböreşler
babanın
antüemist
kahramanlar
etkisinden
muharir
gazeteli
bunusuyla
nitiliydi
boyunca
gi
----------------------------------------
Epoch: 42 	 Loss: 1.53720687
----------------------------------------
ninde
inceleyen
böserdi
kavvazı
kulübünün
renkleri
lazırı
kızdır
buğa
hâlleri
teşnik'o
acıyordu
unutulmuştu
köşebaşını
kıllatı
anlamını
uzaklaştı
tâhaye
tutumu
yanancı
ihtiyarlıkla
yumarlaya
davrandım

----------------------------------------
Epoch: 43 	 Loss: 1.52988757
----------------------------------------
ik
havluluğu
kulak
inançlık
yazılanıyordu
görmeye
dulgunluğu
enayişten
ok
hanimeti
tuzlu
görüzüyle
görmeli
türklerine
suta
ihtiyarlığı
istediler
kırklandırmıştı
bulutun
üstünden
çaylar
vurdum
beyin
kur
----------------------------------------
Epoch: 44 	 Loss: 1.51044330
----------------------------------------
ür
nurunla
tüccarı'nın
bilmeyi
oradaki
politikası
i
kezinlilik
çoğuzluğu
sözler
sağlığı
överleşmemiş
olmadı
yargalanan
hayallerim
manken
karışmıyor
anarıkhinler
sezmesini
isteyinim
çırılçıplakma
şurarı
----------------------------------------
Epoch: 45 	 Loss: 1.48731686
----------------------------------------
ralyalarına
karaktir
redeneyle
bilmediğim
loslmu
habbetinde
tütsül
biyoğlu
kalmıyordu
yazılı
sepetlerin
hunbahın
gılgılarının
oba
tipüs
azaltırılan
görmüşsü
parmakları
sürtüler
istedi
kurtarmıştır
sarp
----------------------------------------
Epoch: 46 	 Loss: 1.49101924
----------------------------------------
etleri
sarplar
düzüldü
oku
karşılanmıştı
uyunlarca
yormuşlardı
tecessüs
misyondur
viftiriyordu
briçtor
üçün
polunajı
yüzeyli
atılmışlar
olaylarıyla
silirli
bedide
antü
koritlerine
uyumunda
yatıları
kiz
----------------------------------------
Epoch: 47 	 Loss: 1.48124892
----------------------------------------
ız
itiraz
göçlü
yavrukâllık
getirir
duvarlardan
yetiştirebileceğini
gülüğünü
ge
lenden
çobaklarında
öğretir
bulamamaklamasına
tüpey
kabili
göstermesi
karbonetin
kırk
benzir
halutlu
istemiyordu
levnalar
----------------------------------------
Epoch: 48 	 Loss: 1.48405037
----------------------------------------
en
işkence
mahsulluğumuza
sevgisine
kokuyor
ançüeller
sözleri
bilmediği
dergâhaneci
cehaletlerim
gülerken
varmışlar
toplanmadım
kulaçlardını
kolom
konmaz
kolun
konuşmaca
kuşlandı
yürüyünce
köründeydim

----------------------------------------
Epoch: 49 	 Loss: 1.48553109
----------------------------------------
tur
lepolmü
denildiği
aağla
yarışırsa
kolluklarına
bakmadıklarını
parın
mürekkiplerine
sızmaz
dallarca
pört
alabalığı
mürdini
dersiniz
batırırım
kalırdım
babam
ayrıp
esrafıma
bağırıyorlardı
mevalin
mar
----------------------------------------
Epoch: 50 	 Loss: 1.48145730
----------------------------------------
rp
zenginliklerden
istesem
bursa'nın
ayağı
hazırlamışlardı
korunmuş
ihtilaliler
cemile
görüneceğim
geçiriyorlar
atımdan
kaile
çotrayla
gelenlerden
tavanda
bük
celvalar
zeylere
esmerken
haberle
örmeye
a
----------------------------------------
Epoch: 51 	 Loss: 1.47270330
----------------------------------------

lotlu
tameci
sertledeki
uzaktaydım
birikip
bezinliği
zarmanayiliğine
delikani
kanetayla
karadan
derecesinde
tanıştılar
neferle
parmağımınki
teşkilcik
çelik
ağaçları
devrinin
pişkinlerinden
çalışmazlar
----------------------------------------
Epoch: 52 	 Loss: 1.46959626
----------------------------------------
lanıp
tıkladı
derecekleriniz
usul
göstermekteyse
taranmış
çalıştırır
devriyormuş
açılıyor
dotalı
kordonarak
olulmuşlar
iclakâi
tüyleri
dinga
dağları
ölçecek
meraklısı
düşünmesine
bayram'ı
sevincileri
ç
----------------------------------------
Epoch: 53 	 Loss: 1.47922449
----------------------------------------

yengemin
iletmez
olma
armudiyâm
sürgünlü
türün
kez
sürütüzür
ülkelerine
dalgıç
çekmeyen
borusu
kıyafeti
kelametli
satacaklar
vapuran'ının
soran
kalkma
mecade
kondörtünün
vicdan'ın
biliği
bahsetmiş
cöm
----------------------------------------
Epoch: 54 	 Loss: 1.47136064
----------------------------------------
meşterim
tuzu
yiyin
icabın
telgraf
insanca
yarışmasının
kilitli
çarşı
payru
sakya
mükambası
tanıştıklarına
ağzının
karşılayan
aliciniz
asuyorlardı
eğlenmesi
balıkçıyız
dökülmesin
çengelecinin
getmeli
y
----------------------------------------
Epoch: 55 	 Loss: 1.47210661
----------------------------------------
k
artaktn
saklamış
öde
soyunun
oluyordum
rubaillardır
tamırlarla
kurutuyordu
bayramları
aralıklarıyla
takımdır
vazanda
boymuş
mansaat
düşmanılse
casur
venni
durunduymuş
hatırlandan
dikişçi
andetmiştik

----------------------------------------
Epoch: 56 	 Loss: 1.45212485
----------------------------------------
turdu
yarışmalarla
istemeyen
kabartık
basıldı
kızgın
yerleştirilir
yakalayınca
mu
yay
vol
işerlerinin
sığ
yıktığı
korkardım
hayvanları
topraklayıp
iflamış
kalıyor
döndükçe
münasebet
işaretli
masal
taht
----------------------------------------
Epoch: 57 	 Loss: 1.44321269
----------------------------------------
r
yemlidir
ağa'nın
revaniyetle
yolda
çalgısındandı
ayaklandı
nişanı
siyassa
satımı
meyhane
yancışa
muhafında
bırakmış
serer
kavularak
yaşıyorduk
illi
döks
koruyacak
cımbır
yumru
okurdum
tutulunca
nihiy
----------------------------------------
Epoch: 58 	 Loss: 1.44236823
----------------------------------------
nelerinin
gözeti
dündürtecek
kılı
kalıplarınızda
yeşiltir
aanserli
dömürce
firani
ablaları
baharlarını
sarılmış
merrü
tayfi
ev
vargenli
giyerek
güneş
taklide
üzüntüler
kazanacağını
sürükleyişi
yürüyenl
----------------------------------------
Epoch: 59 	 Loss: 1.43502824
----------------------------------------
ş
rejaleti
köşesıyla
çağırdın
kabulgaları
muntan
sürüldüm
kitapta
bayılsınım
söylerden
baksanarak
nühuyiyetiniz
gölgelenmiş
âzgeti
levandaşlarıyla
sorarmış
devirden
iyiliğe
ipim
insiyata
talihsiz
masal
----------------------------------------
Epoch: 60 	 Loss: 1.44403656
----------------------------------------
in
düktündür
uzaklaşınca
kalırdın
çekişmesini
nesemizi
çıkrıkta
dalgıncıklıkla
seyrettim
atlamış
incilmişti
bulacakmışım
panjurumuzu
şişesin
isgarpevden
yoldan
temizleen
sofraydı
koşuyordu
beykuralı
ya
----------------------------------------
Epoch: 61 	 Loss: 1.43644773
----------------------------------------
a
gamilerin
sulanmıştı
şehitin
kalırsa
saklanacaktı
görürdü
lat
marangoz
oynadığımı
çıkarabileceği
babalığa
felme
bahtiyardı
maaşımdan
isteme
bey
aylamışız
paça
redingottur
içirmeleri
arayıklara
rubail
----------------------------------------
Epoch: 62 	 Loss: 1.42464820
----------------------------------------
zeden
köre
naserr
ad
yaşındakileri
yazdığımda
deynine
sağlaya
sesimin
zürfülerini
araçlar
sümetlikler
pırıltıları
baletifihinden
cepleri
kırmın
çizginari
boran
devreden
güçlü
anlayacaktı
kesimliyordu
s
----------------------------------------
Epoch: 63 	 Loss: 1.41130471
----------------------------------------
açsız
kabartan
istek
tutiklerin
vazifeleri
kazanç
berikine
topraklarda
sandalımız
öncekinde
ihti
yanıtlayarak
müzemni
çuruş
boyuğuna
yakaliye
reçeller
tortulmuş
dretçe
süren
onurlu
etteye
sürürlüğün
ne
----------------------------------------
Epoch: 64 	 Loss: 1.39966834
----------------------------------------
iyat
dalgaları
kazılı
kilise
sallanmış
parçaları
yılıkımızdan
istasyoncu
hadiseyi
günün
yazdığınızda
dettirmeli
yerinizi
neydi
platonunu
gerçekleştiriyorsun
kullanılmış
filmimi
domurdayarak
kıyeman
çak
----------------------------------------
Epoch: 65 	 Loss: 1.38559781
----------------------------------------
inin
derinlikler
idiyse
istenmiyorsun
tanenin
ındıran
sevgiden
bölümlere
kalesi
şöhretin
üllemin
içimiz
bileyim
çarşaflara
sohbetin
caminin
senede
avlanmışız
kumurunu
tuhaflığa
etmişler
yıvarınca
estet
----------------------------------------
Epoch: 66 	 Loss: 1.38650726
----------------------------------------
ışınız
müsaidesini
perde
takati
çarpıntı
iner
güğülüyoruz
hayatımızın
batı
kulaklarıyla
kaçar
azartmış
illerinden
bileği
tekmilleri
karardılar
kalktırdığı
şaldandı
bırakırdık
tekdüzdür
medeniyet
kayılm
----------------------------------------
Epoch: 67 	 Loss: 1.38716150
----------------------------------------
ıygılda
içlice
yardan
cebinde
baktık
topun
okkallarımızın
yavrucayı
kümer
ellerinden
sevim'i
sakin
taksir
bölmeyi
döker
şlim
barakada
söyledikten
gübre
mürabih
işlemiş
zırıltısı
peyifaharenin
şımartılı
----------------------------------------
Epoch: 68 	 Loss: 1.38489736
----------------------------------------
esin
indil
yuvarlanıyor
öykü
döneminden
çekiyordu
promonat
evini
adamda
tutmakta
sözünüze
sayacak
gülünçülere
karyonların
kollar
miktarlarla
gülünç
verdiğini
oturur
koşmak
seraler
silkinir
hafızayı
yeş
----------------------------------------
Epoch: 69 	 Loss: 1.37637807
----------------------------------------
rize
öksürürken
programa
masaları
aldanmasın
açılıverdi
yapıldın
istedi
kabar
türktür
platom
börekliler
geldikleri
aştı
nefeye
öteden
yıldız'ın
kapısının
izmarının
yerler
fat
zamanının
eğrileri
üzeriyl
----------------------------------------
Epoch: 70 	 Loss: 1.36231426
----------------------------------------
şın
ikisine
sürdürüyor
kılmıştır
artist
güneşletti
bağcıktan
biledi
kirpik
tırmalıyor
büyüklere
mezunşur
ayakkabılar
organlarda
dalgalara
halatla
açıç
bunalmayı
reslenirsin
geçirdi
efendi'yle
süluk
sür
----------------------------------------
Epoch: 71 	 Loss: 1.35461919
----------------------------------------
tepesini
atletesiyle
icabım
buralarının
atlandım
dülgerlikle
taredir
paufunda
sandalda
dizli
toprağını
temberliğe
cerah
artmayı
vizitenler
yediği
haberle
kötüledi
arındığından
yontulduğu
nüktesi
içeril
----------------------------------------
Epoch: 72 	 Loss: 1.35439240
----------------------------------------
erleri
şaplataniyemizin
bıraktı
yorgaflığınız
yapıştırma
dönün
bileziklerinin
haryaydı
ekin
sözdürür
gölseklerden
inyasının
girebilsin
çekinir
hıçkırık
ket
göğüse
entesini
beyan
haksızca
dolabına
midye
----------------------------------------
Epoch: 73 	 Loss: 1.35588229
----------------------------------------

sütürlü
hane
söyleyenleri
kürenin
devirdi
zeytinbulduk
perdeye
üniverilmiş
yılanıyla
hatırladı
yaprağı
tartışıyordu
ilkesinde
inceleyip
soyludur
bulunsa
adamamış
üseranın
kuşkular
mubassır
derenlerce

----------------------------------------
Epoch: 74 	 Loss: 1.35882008
----------------------------------------
le
iskardillat
yörvelerinin
nakliyaja
mamurada
fran
obresi
girdaplarımızın
hava
mahkemeleren
dambaşı
tecessüsleyip
tevrik
yönde
sıvıyor
çantasının
taranmış
yükselmeye
virandan
yılandı
aksürükleri
olmak
----------------------------------------
Epoch: 75 	 Loss: 1.34468714
----------------------------------------
beltesi
görmedikleri
oturttu
silveligeçten
tüfeği
hayvandıkları
kurması
bahçeyi
okuldanır
yaynı
serdiklerini
düşürmesine
filoyu
söyleyeceğinde
yattınız
cığırdıyordu
armağanlar
tablu
süslemiş
giyilmişti
----------------------------------------
Epoch: 76 	 Loss: 1.34691425
----------------------------------------
rane
öneriyor
yaralandıktan
makınla
tarlaları
meslekteyi
doğdu
namertçe
çeliyormuş
yataklık
cemiyetinden
kalçasıdır
maykem
sildirilmeye
bebek
doyuracak
birincinin
biçer
belleyen
bekleyip
kadrolarda
kef
----------------------------------------
Epoch: 77 	 Loss: 1.33416274
----------------------------------------
u
erayikolojistin
panjurlar
sürtünme
basma'nın
oliseli
birikiyordu
topalların
ışığı
reyidör'ün
sıkılmadığını
rahmi'yi
kenarın
giyecek
itnadım
belirtmek
geziyi
döndükçe
parmaklığa
yaptı
ararım
bakmak
ba
----------------------------------------
Epoch: 78 	 Loss: 1.33091861
----------------------------------------
jjun'undan
nulı
sülükoğa
saplanmak
bağlanışır
musubun
aykırı
vereceğim
sofrayı
ruhani
yumruğu
şaplaklaşan
sinirlerdi
puandan
suratımı
kalmam
arkadaş
söylendim
haşlarken
yıkışmıştır
ilgi
ısıladak
kızmak
----------------------------------------
Epoch: 79 	 Loss: 1.34796629
----------------------------------------
li
müsle
yıktılardan
sakınca
bildirmiş
kırkcardan
han'ın
hastalara
tapulunuz
hastalığın
açıyordu
beğenanisinden
çizdikleri
latematiği
heybesin
özeyli
günlüğünün
iyiye
özellerinden
zulemleri
biletçi
dör
----------------------------------------
Epoch: 80 	 Loss: 1.35766089
----------------------------------------
a
yokluyor
ahtaphırın
zavaleli
birdi
resimlenmekten
raston'un
yavrusundadır
lokantalı
söyledik
çarkçıdır
kaybedip
yıldızı
paral
prensip
elmalik
mahvolalık
yumuşaltıyordu
görünüşleri
bıçaklanma
yosurluk
----------------------------------------
Epoch: 81 	 Loss: 1.39622025
----------------------------------------
nma
yazıldı
tespitine
döşeğimi
özlemi
tırşaklaşmıştır
aksaratlık
incirmeli
topladık
tılatımız
laza
tedyuhveriğine
savladan
oturmasında
kuruluşuna
tıraş
yüzerini
içlikleri
alkollardan
sıkıntıda
içilebil
----------------------------------------
Epoch: 82 	 Loss: 1.36218720
----------------------------------------
cıklarla
demiş
ömründe
usturça
tamamladı
sürdüler
sinirlerinden
kurşunsu
ıhlakçılar
yangıtsiz
madeni
iğdenliğindeki
çokbilmiş
hikâyesi
tiyatro'da
kahpelemiş
basamakla
kapriyenin
handeli
ticarettin
sapl
----------------------------------------
Epoch: 83 	 Loss: 1.33686773
----------------------------------------
hatirelerini
dönenler
soyunç
partmandı
kararsız
kımıldadı
kâranın
kıymalı
kültüre
muharezelerinin
yıkıyordu
başvuranlara
çayırları
kıymetler
söylerken
mihmana
döndürmüş
uygular
yazmışlardı
p
mırılmaya

----------------------------------------
Epoch: 84 	 Loss: 1.34503726
----------------------------------------
llerinden
işveren
karemit
türkbaşlı
gölgesiz
gürlemi
tüstü
meclis'in
tarzin
istemekle
ölebilir
haklar
kabuklular
dövüldüm
yırtık
çekilirdi
aklanını
sokulda
fikrinci
sök
konuydu
kunduraz
ak
parayla
çıkm
----------------------------------------
Epoch: 85 	 Loss: 1.33008883
----------------------------------------
mi
kaput
nizamlarda
yakaladıktan
sattı
pıraların
girmez
kurumayan
barut
koydu
kaplumbacılık
telefona
felsefenden
paralıyor
uyuyan
hamallarını
öde
kafelelerinde
bikledince
süklü
sızdıran
tefkirle
şeyler
----------------------------------------
Epoch: 86 	 Loss: 1.30995754
----------------------------------------

işletmiş
palası
önü
kesiliyorlardı
sürtüğü
söylüyordum
uygulamazadenler
masrafı
izleri
kurunlarımız
temenni
gücüne
didişkini
gittiniz
gönüllü
bıktı
vapeldir
kötüler
mertekle
yemenidir
şekercesine
sonu
----------------------------------------
Epoch: 87 	 Loss: 1.30793715
----------------------------------------
urdan
binadan
teşkilarasının
yapıştırır
görünmekten
marize
haltasına
refakati
ayırır
tütüyorlar
tersanesinin
kalkmış
dürtüştür
söylediğini
purnosu
yemeğinden
kaldırıldı
oyunlara
aralıksızca
iran'dan
lo
----------------------------------------
Epoch: 88 	 Loss: 1.30548356
----------------------------------------
di
rahatçılıktan
gece
elbisesi
rengimiz
tulumbacıların
kısırlayıp
petliydi
tüğündü
sosyete
bohada
boğrudum
şerit
ermiş
basarsınız
kokusu
sofadaki
leşlettin
bahçeiste
gece
sadikalarının
gidecekle
taksir
----------------------------------------
Epoch: 89 	 Loss: 1.30750390
----------------------------------------
ojulara
yardımcı
dolaştırıyor
karşı
yılına
inşardı
çalmış
istimpoy
konmasıdır
volya
hatti
fenayımda
gitmemden
evlerinden
musuflu
diyerek
çağanak
kazayı
yorgun
kınılıp
şunadaki
tepelerek
ölçüde
söylemes
----------------------------------------
Epoch: 90 	 Loss: 1.29949615
----------------------------------------
üğü
ühse
iradesine
telgraftan
güveçte
sıhhat
iyide
yazıp
evden
taylat
çedikler
itimat
aldığımızdan
köyler
âlemin
malum
yırtmaz
hurdiyette
arkadaşsız
gülemez
halletmişti
müziği'nin
yaktıran
taraftarları
----------------------------------------
Epoch: 91 	 Loss: 1.29803463
----------------------------------------
lığınız
agû
dirseklemeye
gane
meyanda
yıldızlarımın
pükkürürken
bakıcısı
makasını
depo
alayında
lisinin
ettirir
dikip
sıkıldığını
çekmek
yoğruluyum
düşündüğüm
üzereydi
nakıl
mafaca
kafeslerdeki
edebile
----------------------------------------
Epoch: 92 	 Loss: 1.29430275
----------------------------------------
ır
hastalardır
diyişilerin
sarılmayacağını
giderdi
pişirmeye
atlığa
amane
şüpheş
demedi
yapabileceksin
medeni
soylu
yürürken
manasıdır
milibyöran
milletlerimizi
lağımlarla
gelmiyordum
mercaniyetimiz
ku
----------------------------------------
Epoch: 93 	 Loss: 1.29231093
----------------------------------------
lemelerine
üyelikleri
çarpmaz
yanaklı
taşmışlar
filikada
yumruğa
kuvvetlerinin
öğrencisini
hastalandı
söylesenirdi
arzu
insanlamalar
sükûndan
pamula
spa'ya
müzekârinden
acıyatçılığa
rampacı
gördüğün
ış
----------------------------------------
Epoch: 94 	 Loss: 1.30232406
----------------------------------------
amış
torbalarının
saplanın
veremeden
sosyete
örtüneği
kirası
gülbağan
tohuzlar
mirasına
küçüklüğünü
jökerken
enflasyonunu
hisarı
yavrucağa
tostsuz
halkastı
azdollara
basbaklı
uçar
kardeşlerimizde
kakul
----------------------------------------
Epoch: 95 	 Loss: 1.32369883
----------------------------------------
kümez
dinleyecek
golü
yaldızı'ndan
bağladığı
düşmanıyor
metreslerin
ikmaleli
karalamalar
bozar
sineme
zülleri
usturalarına
uğrattı
mıyım
gitti
tefecil
ettirdiği
cendelenin
söyleyebiliyordu
şeylere
dine
----------------------------------------
Epoch: 96 	 Loss: 1.33334909
----------------------------------------
layan
apoltasına
karabibir'le
karılı
eylese
gül
çekintilir
babasını
dalga
herkessiz
barışık
savaşının
spsrelerini
önledi
kazanınız
eşitlikler
türkkâr
kabalet
şerefler
gülmek
çobana
toramları
takdim
git
----------------------------------------
Epoch: 97 	 Loss: 1.30996490
----------------------------------------

çarpıştıranakta
serviliyor
alametten
göstereyim
kaşkollüğünden
programe
söyleşmeye
politikası
gitmeceyi
iniverir
esvaplı
hayatımıza
kitabını
hoşgöp
yırdı
moşambedir
kaçırıverdiler
kireçlik
natih
kahil
----------------------------------------
Epoch: 98 	 Loss: 1.29238419
----------------------------------------

nanit
heykelin
artıyorsa
düşmanlıklarıydı
karşılaştı
tepsi
pilotları
gıdandı
işimize
pudracıklıklarısı
boğması
benziyor
şahıslarda
köpek
baban
rastlamadır
yatmıyor
milleti
dokuzan
tutumundayız
isteyer
----------------------------------------
Epoch: 99 	 Loss: 1.28939352
----------------------------------------
ecesi
işvahların
kalmasına
korkarak
haci'ye
içteleri
çizi
olacak
şevas
yönsüzelerinin
yassı
lağar
vikfeti
malitati
efendi'nin
sendikal
soyan
artanın
alırken
kolların
kazandanyalar
abani
atlı
uydurması

----------------------------------------
Epoch: 100 	 Loss: 1.28822382
----------------------------------------
âyı
limonsuz
hun
boynunuz
teştih
avlayan
harç
izletmiş
felaketin
mantıkla
yetiştirilemez
beklerken
muayyele
inildi
karbonuyordu
kabrik
ilçeyle
öleceğiz
turbat
benzeni
atması
dükkânının
ablak
zorlu
sava
----------------------------------------
