----------------------------------------
Data path: ./UD_Finnish-PUD/fi_words_train_filtered_shuf.txt
Data has 48527 characters, 39 unique
----------------------------------------
Epoch: 1 	 Loss: 2.48415311
----------------------------------------
n
vamlaen
milir-gmistiä
sua
otnain
ponsasta
ttubnos
lualennittovästä
marvaltyöguttenta
kukkematäuturset
kateyrta
alärtaraukaattaä
moka
insolpittää
ralvun
lanumitta
kitiokukna
tuaktamaitöisuisiä
kyutsä

----------------------------------------
Epoch: 2 	 Loss: 2.11770569
----------------------------------------
alle
siiston
pripmiyhä
conkkian
leörisen
riemivaan
panga
jarvaa
kuvata
keikestöjän
hilemmän
konsannen
vorkittu
saatituksiin
ynserkimatteliunnansi
mehistyttelistimiset
asua
lckeat
varsaman
pulmeä
palkaa
----------------------------------------
Epoch: 3 	 Loss: 1.91552938
----------------------------------------
uuneed
potka
tuottamisen
taitoista
litaan
tilkkovoika
oroisi
veimpaan
mähtävästi
resastot
parakillisen
turymmät
riutetoia
pri
minventojen
valmunut
telemammikomitti
liihtään
kolmi
tukkarissa
mansanaan
a
----------------------------------------
Epoch: 4 	 Loss: 1.74694455
----------------------------------------
oi
aatarit
yksi
terjestä
yhtiön
vii
kirja
käytelmät
sigun
järjestyen
pgivat
pylättelin
kumpuun
hitäytti
niin
luovonpuoliittelivat
viihteli
aika
appevuoriin
maavaalisella
setervensoulevien
väysöritteli

----------------------------------------
Epoch: 5 	 Loss: 1.59920407
----------------------------------------
ten
tutkimitiläät
tyttyi
lannoutumaan
alkeinen
purtkemaan
elimen
käytänsi
käyttelijät
minallisuutta
utardotti
jurminaisessa
ehrystyöministeristä
vainamantoiset
matkanoinsoivet
urosto
armannit
korkeen
j
----------------------------------------
Epoch: 6 	 Loss: 1.47376968
----------------------------------------
ä
suoralliseksi
pidänsaaranomaiseen
lijakarkoita
suuremmin
sisärkkiteleissä
gposteen
niimmattumastu
puuttuen
vastajettelin
verialutti
provittiin
projestettujuntaa
voimalla
kieltäytyksenään
purukinkaupu
----------------------------------------
Epoch: 7 	 Loss: 1.35369186
----------------------------------------
yrä
mohtoluissa
etur-yreillään
korissokoon
armistuneilta
nymmäksi
aspaamaan
tukkevat
siirtymiseen
hataan
kohokonaan
säänestettiin
aloin
veräsiväen
pidäkokonaisen
huolehtinograisesti
ohisempia
jousukoko
----------------------------------------
Epoch: 8 	 Loss: 1.24735318
----------------------------------------

rankeinansa
sivilisanomiseksi
tunnusteriassa
sijalle
ehdottomansa
cuuttamista
selkittiään
sanomisessa
nierikonouli
tunnustaneena
rauhallinen
mitsenäisen
prokukko-äänestelmään
viipaanttelisena
nimensä

----------------------------------------
Epoch: 9 	 Loss: 1.15163182
----------------------------------------
n
vuosisokorikiin
kukkasinaan
hyöpäivänämisestä
naiseen
kuluttamiseksi
hinnastoivoima
maille
kaltattu
picänsä
a
emme
mielistettiin
luosisasutto
nousevaksi
kerdolla
johtona
tuottorista
tositäkorituksen

----------------------------------------
Epoch: 10 	 Loss: 1.06870510
----------------------------------------
n
historiaan
aritteiden
länsoa
munaskooitukset
liikkuvuuteen
tullettaa
suoritukset
yssällä
olen
yllättävä
kulutustuottavasti
apelimaan
höhdispystynäänsä
serpuu
projekteihin
toteutuspuolella
toletti
muo
----------------------------------------
Epoch: 11 	 Loss: 0.98267880
----------------------------------------
kseen
muiden
löydänä
maasteollisuuttaan
örityksen
uusia
sobimeng---loutuvan
rajan
ansoja
todellinen
kohteena
johtavat
eikeuksistonsa
händän
kunnoltaa
pystyvät
apunaassa
eivät
olivat
epäen
pro
selkeästi
----------------------------------------
Epoch: 12 	 Loss: 0.90628203
----------------------------------------
sa
johtokseen
a
maailmatsu
uutistoriaa
otterein
maali
rannikon
maasta
uneuvotusta
olennaisesti
olen
terveys
parvassojellinen
kumerkkijat
rapsensa
hemme
projekteja
lentävästä
skoritykset
yllätykseksiään
----------------------------------------
Epoch: 13 	 Loss: 0.83439196
----------------------------------------
ettiin
pääse
purkkaan
kuu
lukee
taattiin
muuta
hallitus
flan
aaliseen
elimet
alustan
valtakuntaa
vanhemman
kolman
viranomafepioritsevan
kukkoasta
eteläpuolelle
edustettuun
supersaan
seuraajana
vestaruu
----------------------------------------
Epoch: 14 	 Loss: 0.76563859
----------------------------------------
n
seitsemästä
juhlista
työpaikalla
epätavallisuuteen
luovutettava
pysyäksä
rauhaa
suorituksen
luonniset
etuja
kurssin
kulun
märjestään
ongelmansa
voimakkaaksi
näyttelijätär
otettu
varoittaen
arvo
lisää
----------------------------------------
Epoch: 15 	 Loss: 0.72057842
----------------------------------------
a
rekensaurinsa
historiasta
tuotto
sadan
suurta
tutka
hyväksyjen
suurlähtelee
muodosti
haasteita
kohteli
kaudelle
kuninkaan
huonetun
ongelmallista
viittaamaan
luovutti
häviön
lomahtama
todellinen
alka

----------------------------------------
Epoch: 16 	 Loss: 0.66654887
----------------------------------------
vät
menetyn
asukkaat
juuri
eroja
lentokoneitä
luovutettu
analyyseja
kokeen
lähtemistä
merkittäväksi
republikaanitaloutumisen
laissa
kuluttautumisen
vuoden
projekteihin
kaupungit
esikuussa
tuoduista
löh
----------------------------------------
Epoch: 17 	 Loss: 0.61615286
----------------------------------------
äiset
mahdolliseksi
maanaan
elämään
kumistoja
joten
gyhdistäviin
breimet
päätään
lyytyjä
sodan
herttua
oleihin
asteisiinsa
ilmaitettuina
toimituksessa
epäracalla
esillä
vastuunartaikuuta
nyt
kansalliss
----------------------------------------
Epoch: 18 	 Loss: 0.56660102
----------------------------------------

päällyn
pääomasivat
pahkkittiin
luonnohtelevat
kuukausituksen
saarta
ehdokuuta
espanjalaisista
levoalaisten
musisoinut
suostui
turkkikokousta
nuoren
sallituksesta
kunnan
korkeimeni
poliisilaitoksen
ku
----------------------------------------
Epoch: 19 	 Loss: 0.52514985
----------------------------------------
emiä
laivasto
järkytystä
tiedotuksissa
epistetiotaan
necdostan
yhdistyneillä
arvioidaan
kauppaajaksi
täydennut
murtaa
loput
vaalikauteen
huvakeutuutta
jousevat
yritykset
polfgiasta
halutettiin
yrityste
----------------------------------------
Epoch: 20 	 Loss: 0.48508891
----------------------------------------

resisi
hylkäämiseksi
hämmästymää
vannoutumaan
tunteja
joukot
kaupunkiin
emmä
remonaalikatioihin
kultakautta
reittejä
loikkailukoulukuussa
nytkäytöksen
hurskautunta
kaupunkialueet
parin
samanot
omare-k
----------------------------------------
Epoch: 21 	 Loss: 0.46018172
----------------------------------------
nen
arjoittavat
mahdollista
muotoivat
näytelmäkirjailijat
rahastoini
poistaa
vastaisen
aurtaa
valtamerissä
työpaikalla
liikaa
suhtaa
tutkia
tyhmään
keskustella
kansalliskokousta
keisareiden
lähtyistä
s
----------------------------------------
Epoch: 22 	 Loss: 0.43967899
----------------------------------------
aiset
mielipidetutkimuksia
sudeettiseksi
hei
maasta
kaupungimmilla
kuluja
kertoi
kohtaluihun
elitsee
taistelukentalleen
oppiseen
asui
sisäministeri
katsoista
loput
esityn
varjo
laiturin
vastuulla
murha
----------------------------------------
Epoch: 23 	 Loss: 0.41439876
----------------------------------------

resisteri-turnaukseen
kaupunkikaupuria
tutkimusta
kaupuluu
osakkuutus
yksinkertaisesti
isiversuaan
puhumista
täyttyään
miljardeja
mahduttuun
maalla
yhdistää
pitämäsi
pohja
häirisi
muisto
vaatimaa
vaik
----------------------------------------
Epoch: 24 	 Loss: 0.37908679
----------------------------------------
ttaa
rukouksessa
äänensä
tasoaista
raskissa
työkaluja
suoria
fi
täyttyy
näyttelijätär
purkaus
katsossa
ohjasi
eliitti
vuonnossa
kutsu
taitoaan
semerkillä
urkomerikkaleilla
ilmaan
kuhuja
kielikampelan
k
----------------------------------------
Epoch: 25 	 Loss: 0.34770166
----------------------------------------
veen
tuotti
parkastunut
oikeustoimenparikoita
miekku
yhtenyt
kaupungeista
paavi
ainakaan
tulevaisen
eri
asui
kuvasi
huomion-tutkimissioiden
erityisiin
esitunista
tyylinteessään
sosiaaliseksi
huomattu
k
----------------------------------------
Epoch: 26 	 Loss: 0.34612074
----------------------------------------

sijaitsivat
hei
alusta
kiisosoista
rasistina
tyttö
poliisitarkoina
sanoneen
vannetta
poruskaattien
suurta
syistä
kaltaisuna
suuremman
hehtoutumisesta
neuvatonnossa
pitkittymisestä
huomaaista
vähennett
----------------------------------------
Epoch: 27 	 Loss: 0.34481157
----------------------------------------
kseen
provinssin
vastaamaan
elokuva
vaihtelevat
yllättävien
tutkimusta
kaupungistumisesta
tullessa
tuottaen
humanitaatiota
hedia
ilmastosta
vaamistui
muuta
artina
koristoi
liiton
toimeksiannon
tädkitte
----------------------------------------
Epoch: 28 	 Loss: 0.33620581
----------------------------------------
steen
selvää
piirisoivat
valittaessaan
seudun
huomattavaa
teknolojen
suostuen
yhdisteluunsa
maasta
vaalipäivää
siltäyttöötykset
selkäkipuun
järjestyksestä
esitti
historiassa
eilmat
varautuvaen
luotetta
----------------------------------------
Epoch: 29 	 Loss: 0.32373200
----------------------------------------
a
reteyttiä
puolustuksen
syvästi
ystävyöstä
ter-kuntaa
suisti
minkäänlaista
lopuksi
ansoja
optimistisina
lisäsi
ajatuksessa
juohtaa
epäiltyjen
painostaa
pääsykoneista
kiidennyt
henkilönä
irittelijätär

----------------------------------------
Epoch: 30 	 Loss: 0.32884732
----------------------------------------

välimerissä
ohjaaja
olleen
liikutti
guoneustekseen
valmistumisen
kielikampelan
kuvataan
silloisista
sodasta
huomattu
kunnostaa
vastaisen
sumuuntaa
auta
yksiensä
vastaamatkojen
nousevat
kusin
sijaitsiv
----------------------------------------
Epoch: 31 	 Loss: 0.32327733
----------------------------------------
atioita
vaihtoi
meitä
houkottamista
ympäristönsuojekuutissa
teidän
heimot
sotilaita
ajattelijan
valmisukseen
investunut
hyödystämisestä
ikälmi
nohti
ratkaisevia
pitkakautta
rikostaustaa
tyttöystävyissä
----------------------------------------
Epoch: 32 	 Loss: 0.31865161
----------------------------------------
a
palkpaa
paluuskintäykykoista
perimykseksi
yhdistelmänsä
pappalisestenun
lukemaan
vaihtelevat
epäsovun
yksin
tulki
natka
ilmastuttavamman
teeri-
siirtokuntia
sosialisti-isimme
vähensivuorin
haasteetn

----------------------------------------
Epoch: 33 	 Loss: 0.30544408
----------------------------------------

vaimoissatn
lainaa
päätänyt
hiinäkuun
syntynyt
lainsäädännnnnnnnnnnnnnnnnnnnnn
vallassa
löydän
kulkuttaen
opiskeleman
lukemaan
musiikeista
paavi
ainakaan
tulivuorten
luottivat
asiaa
siirtymistä
palkka
----------------------------------------
Epoch: 34 	 Loss: 0.28358998
----------------------------------------
sen
paljastui
tuontamisesta
pelinta-altiin
uskontaa
tälle
pysäkillä
tyytyväinen
tahdissä
edustavaa
painostaa
tyttäytyi
lajike
jopuoli
haasteita
lainaten
keskiaiden
korsikaan
presidentitettiin
opettavat
----------------------------------------
Epoch: 35 	 Loss: 0.27718567
----------------------------------------
steriä
epäsivoilla
puolesti
tasaiset
yleisöstä
poliittiset
sisäosa
saavuttaa
vaanpainen
erikoistuneista
ilmaat
maata
osallistuneilta
kukistettiin
usko
asuvaa
oikeutti
havainnointiin
alueydenkäynnistä
m
----------------------------------------
Epoch: 36 	 Loss: 0.28557056
----------------------------------------

kerrostalla
liittyä
ekotteli
väittelystä
täystä
hiusturmusten
vastamisessa
hälyttävää
jälkeläinen
annettiin
lastetuttaruksen
siä
levy-yhtiö
tähti
järjestykellä
tiedotteena
korkeimmassa
suurimmalla
pal
----------------------------------------
Epoch: 37 	 Loss: 0.28839550
----------------------------------------
vät
yhteisöä
liftaristoimisto
tämä
paineet
vauhat
juutalaiset
poliittinen
kaulunsa
syyskuullisesti
elintallisena
periaatteista
taloudellinen
alkoi
palattu
kuvasta
huomittaen
alkaen
tapaustaan
tehdet
tä
----------------------------------------
Epoch: 38 	 Loss: 0.29104317
----------------------------------------

siviillyt
paluun
hyväksytaan
tarve
laskeenotti
huomattu
kuitenkin
kuluista
suorilla
kuntamisesta
alkuluoreissa
rasistinen
peinitytön
valitti
miniatyyrikokoisesta
etulmansopimuksia
huolestaat
islamia
k
----------------------------------------
Epoch: 39 	 Loss: 0.30562381
----------------------------------------

jakalavat
osalla
yleinen
ensimmäiset
kudan
ilmaisun
kulki
julkaistustaan
heillä
näyttelijätär
purkauksissa
verja
hävestykselle
suurettiin
löysäytyi
vasallisuutta
tulivuorten
loppui
tapahtumia
sopimatt
----------------------------------------
Epoch: 40 	 Loss: 0.28572103
----------------------------------------
ssä
turvallisuusastaneet
elokuuta
puolustuksen
silloittaa
autumi
maaseudun
dät
liikuttoisesti
tutkitaattoiset
heirin
helposti
kuvia
sovitusten
vesivoimalaiset
hyytä
henkilöä
helppoi
hänervoittainen
näy
----------------------------------------
Epoch: 41 	 Loss: 0.27194708
----------------------------------------

luokalla
rettoutumia
sefostonsa
kaupunkivaltiot
tutustumiskynnyksen
kohde
täytyä
huhuissa
vertapuhelijätä
puhaltui
toivo
ladista
tosikirjoitusten
sulkemalla
puoletutkaja
laittomasti
turvallisuuteen
br
----------------------------------------
Epoch: 42 	 Loss: 0.26482566
----------------------------------------

rekeäoukoton
hallinnalle
maaraonut
ottaneihin
urkon
miljardoja
asumaan
olemaansa
tullaan
siin
maase--se-vaaleissa
teollinen
suosi
jälleen
työpaikkalistina
ajatuksena
vajanamaerina
terveeseen
tappoivat
----------------------------------------
Epoch: 43 	 Loss: 0.28607634
----------------------------------------
kulti
tärjeäkseen
paitaa
haastateluj
elänselmanlausuja
sallita
maapalle
palattu
kapualee
opiskelijen
yhittänyt
siimen
täytään
lähteitään
luovutettiin
yhteyttä
saapui
osassa
normi
lieke
äänestäjien
yksi
----------------------------------------
Epoch: 44 	 Loss: 0.29439894
----------------------------------------

juhollisuyttajista
miehityksistä
perää
japanalaiselta
puolelle
epäteläinen
terveys
putetaan
presitiedi
uskovainen
armu
puheenjohtaja
lähettiläät
johtuen
levy-yhtiö
tietyt
kooret
tarkasta
mukataan
mene
----------------------------------------
Epoch: 45 	 Loss: 0.27604438
----------------------------------------

rekormaation
taistelut
yleisölle
ulkomaan
osittajana
kaatalle
kannustepalkkiot
pystytti
liutu
tuholtu
kirja
historiasta
kilpailupäivän
hovissa
ylittää
muohojen
haluae
suorituttavat
oikeustaa
oikeaan
o
----------------------------------------
Epoch: 46 	 Loss: 0.27785202
----------------------------------------

rannioita
etsiä
myöhymyseemmikreitä
johtavat
rahastot
huomionarvoiseksi
viimeisteltiin
ensimmäiset
keseenalaisin
tavoista
vanhojen
tulevista
laulutavat
teratalaisyhtiö
osastuttajaparksin
mielet
pystyä
----------------------------------------
Epoch: 47 	 Loss: 0.26249170
----------------------------------------
iehen
liiatoista
kaupunkiin
päiviä
valtavat
sopimuksessa
tavoitteiden
propiessa
kerittyään
tuhoutuessaan
suaen
tuotteita
presidentti
sovoille
ulkomaanteen
haluavallanvuotta
päätelmiä
valtavaksi
vedestä
----------------------------------------
Epoch: 48 	 Loss: 0.25329336
----------------------------------------
oelmansa
edistivat
nimiksen
paljahtia
rajoitettu
kfi
ori
kulut
kirja
historiasta
eteläisyyrikot
proversti
yhtiö
tieteellistä
teraistä
etunilmään
yhtiö
täysi
rauta
maglevä-mahdolliskottaessa
älepuhuu
op
----------------------------------------
Epoch: 49 	 Loss: 0.26359950
----------------------------------------
mkäryhmä
toimintervallisesti
selostus
luulen
jatkoi
käsikirjoituksia
kehottavaa
uudetus
tulossa
kirjoittajat
lehki
järvet
palautenhukea
kansanäänestykseksi
erityisestä
intiastaan
hieläinen
harloutui
su
----------------------------------------
Epoch: 50 	 Loss: 0.26365020
----------------------------------------
a
laineduhtinut
veloitetyyn
häviön
omistajiin
tšenosti
sivillisen
sijaikkaan
käydä
alituisesta
puoli
asiasti
islamilainen
projektia
löydetytystä
poiketseillä
paineista
tasolla
viihtee
toisensa
epäilyjö
----------------------------------------
Epoch: 51 	 Loss: 0.25831037
----------------------------------------

rakkaudesta
aavikon
terveydenhuolto
nimikkalaisten
taisteli
islaminuskoiset
oikeutettu
liiastaan
värvää
radastanut
valloitusten
sulkea
tiistelintorion
oletuksen
katastrofaalisesti
valmis
ukkosti
pahti
----------------------------------------
Epoch: 52 	 Loss: 0.23222033
----------------------------------------
viikkailena
vervää
valtakunnan
luoneet
rauhallinen
alkoilaitsevat
kupistelleen
täytyi
valituksille
enemmistö
lisätukea
palvelun
valtakuntaa
suisti
minä
edustettuina
tavallani
magleja
laillisesti
tällä

----------------------------------------
Epoch: 53 	 Loss: 0.23659507
----------------------------------------
minen
yrittivät
tavallisen
tavallisuuspalkinnoilla
laulun
saavuta
työpaikkansa
majbon
herättävää
integroituksen
kotsu
taiteilija
alttarinvaraisenpaukkakantaa
investettiin
loputuntaan
tuotteita
pallekir
----------------------------------------
Epoch: 54 	 Loss: 0.27068847
----------------------------------------
vien
lounaasti
verkkosivuha
annekopeaa
hermostutta
kasvunnukset
kansallissosialistit
kosinomaiset
vartiot
puolensa
jäsenestä
teemalla
tarpeilla
inkervaivoja
lauluilta
ilmastokhensä
vaatimattomana
kaats
----------------------------------------
Epoch: 55 	 Loss: 0.26981072
----------------------------------------
essivää
vähentää
liian
käytä
hyväksyi
pyhjyä
kysyin
rauhaamaan
pitkästä
työskennelleen
montaa
kivipaatti
palstan
rakentaen
hittikappale
paljastunut
lähettillä
huoppostitkeiden
molfattu
keisariperheen
v
----------------------------------------
Epoch: 56 	 Loss: 0.27391394
----------------------------------------
ynti
vapauttaa
huolelle
vieraili
keskustella
suorittainen
vastattu
liukutelleen
vahvasti
omahti
varialistittelusta
olettaa
taitoa
lievittäiset
sitä
ekään
menestysten
kortii
rator
omaan
matalampat
olihu
----------------------------------------
Epoch: 57 	 Loss: 0.26088397
----------------------------------------
jää
veranaisia
teknologisesti
huolelle
vallankumouksen
työtunteisiin
tekemään
kuolleeksi
erillisistä
neita
alleva
monneja
kasvuva
hyökkäyksiköiden
selvää
rakenneen
harmonkaan
vaatta
täyttöä
kiemetty
su
----------------------------------------
Epoch: 58 	 Loss: 0.28622521
----------------------------------------
kbussa
reuraava
jäänentymällä
huomasin
tverkkujultoisuuden
koreva-kirkoon
britetty
aakko
isällöpuolikaanien
kannabilla
turvallisuudesta
haluavat
julkaisukoodeja
lentäjistä
täyttyä
alttia
täydennysraken
----------------------------------------
Epoch: 59 	 Loss: 0.27895064
----------------------------------------
misen
vasalaiset
mahdollisista
paivat
asukkaille
sukupuolelle
arabikauden
useista
tulossa
kerinteeksi
alkae
suora
ulkopuolelta
armeio-
urkuta
taita
alkuperäisyysoikeudenkäyntistä
laskeutunut
luutta
lev
----------------------------------------
Epoch: 60 	 Loss: 0.29442227
----------------------------------------
ää
vähentää
luokampelan
keskemus
kulkuetta
omaan
kohden
sisällyttä
poliittinen
työmatkaen
intiaanien
lähteä
toimintakykyisenä
hallinnon
valtakunta
asuja
erleitä
lisääntymisen
katuneen
tulivit
pohjoiste
----------------------------------------
Epoch: 61 	 Loss: 0.26874581
----------------------------------------
mittymis
keskiarvoa
perustelluiksi
miljoissa
liittyvässä
myöntää
hahman
menosta
laskeus
agina
kului
kohdisti
yksityiskohtalo
varka
julkaistusta
äänestysaika
kaupunkiin
pakolla
lisääntyri
maglevat
kuune
----------------------------------------
Epoch: 62 	 Loss: 0.24270656
----------------------------------------
ijää
veroja
olevansa
epäsuoraan
samankaltainen
vuosi
useat
sota-alueivat
ydistöihin
remontoitiiniinihirihasi
klaske
ulkoperheen
menetelmää
tuohon
vetestyvät
jalostettivat
valittaessa
varastoimaa
luotti
----------------------------------------
Epoch: 63 	 Loss: 0.22275474
----------------------------------------

lövilisaation
taistelevat
yllättävää
pieneniä
pahimpana
kirjottaa
piniumistan
japanilaisempaa
johden
mahdollista
dykelmästi
noiden
katupuhelimeen
armskevissa
toimistaan
pyhän
asumaan
puhelimia
sanomuu
----------------------------------------
Epoch: 64 	 Loss: 0.21881549
----------------------------------------
n
ittekäsi
matkustettiin
viilentymisestä
islannekorttiensa
lentämää
vähännäki
lauluille
sukuja
kotonaan
helpottainen
niin
sisältä
kertoo
hallitsiinsollinen
kohteena
voimakkaaksi
väheinen
veti
voidat
re
----------------------------------------
Epoch: 65 	 Loss: 0.22491515
----------------------------------------
ynä
kasvun
piirteen
vanhuuteen
käytettävissään
sosiaalisen
taistelussa
epärehellä
puolenso-viikkalainen
nostusta
poissaolevieltiin
lähtökohtana
ampalla
käännössä
takoituksen
parhaaksi
käsikirja
toimiva
----------------------------------------
Epoch: 66 	 Loss: 0.27557158
----------------------------------------
tovat
päivät
kohteena
vaikuttaa
vuosina
kriidita
tiensäänellä
maasta
otsaksi
keskusalueisivat
kritisoitu
heimot
syväksä
kasveisevat
kuneet
kärsiköiden
lähdesivät
pääsellä
brittiläisiä
vahvat
roisti
van
----------------------------------------
Epoch: 67 	 Loss: 0.30477989
----------------------------------------
misista
liviämiselle
verralliset
teollisuustuotet
tullut
vaalikaudella
islamilla
heine
vähennyksiä
lukemalla
hahmoja
osoittaneet
taloudellisia
voidakseen
lapsiston
rakennus
äänestyksen
paljastui
henkin
----------------------------------------
Epoch: 68 	 Loss: 0.28334594
----------------------------------------
aisella
siääntyneelle
rannikon
merkitys
vaikutukset
linnonnitteutun
tutkimusta
yhdistyneeeen
tullessa
näytetty
esiien
vastaanalan
yksilövettä
herkkuna
tunnetu
tärkemmistään
tarinansa
mapentti
hallaiset
----------------------------------------
Epoch: 69 	 Loss: 0.29246248
----------------------------------------
sia
jouta
isiä
ymtämisestä
ikäväinen
terveydestä
etunimeä
kenraalien
voden
kutsuvat
kansansa
töttänä
koupetti
osessa
osaa
karsoittavat
törmaan
aluetellista
työkaluja
suoritukset
painovaltiot
röhtinenla
----------------------------------------
Epoch: 70 	 Loss: 0.25067157
----------------------------------------
sä
huomattavaksi
matkustus
nellä
omistajiinsa
alkuperästä
seuraavaan
jata
etujuneet
käyttelystä
tilaissa
merkitsevät
siirtomaammalla
välilleen
elämässäni
ironia
omaperäisen
tarjoen
halli
tehoa
kumpiver
----------------------------------------
Epoch: 71 	 Loss: 0.25024811
----------------------------------------
amme
elinalaisten
pyynyt
päällä
oscar-voittaja
virallisesti
ylipapeläalvioppisten
taiteilijat
tasavat
julkisti
paluusi
varjataan
ostavaa
aluetta
valitusta
kysynnät
viimeistään
keskittynyt
virkaatit
saa
----------------------------------------
Epoch: 72 	 Loss: 0.27007453
----------------------------------------
sia
johdosta
pidäneriin
maaliskuuden
pulamaan
voitusten
antaa
täntän
artikkeiden
välittämään
jaksoisempaa
olevaan
viikonpäivät
poistaa
mieli
välittömästi
tiettynä
koulutuuhin
tutkenyt
taistelujen
ylitt
----------------------------------------
Epoch: 73 	 Loss: 0.28130921
----------------------------------------
ata
erostamisessa
nurja
harvon
alfaemista
ympäristönsuojeluvat
nousun
sanoneet
määrin
onkerituija
rajavat
vähellä
selittää
estäytyi
vihollisella
ylipaikalaisten
punnasta
yllään
valtakuntaa
suistusta
yk
----------------------------------------
Epoch: 74 	 Loss: 0.28778250
----------------------------------------
jä
jakson
todellinen
aätteessä
päässä
käyttömaksi
puolella
leikkaus
huunojen
töyteellinen
auttamia
pohjoisodaloutettava
viimaattiin
yhteen
valmoja
huhtikuun
yhden
duoradalainen
yhdeksi
kuvautuvauhden
l
----------------------------------------
Epoch: 75 	 Loss: 0.29781634
----------------------------------------
aivien
odottamaton
osallistuakselle
krasken
todettavasti
ottamisesta
poliisien
yrityksenä
tyyppistä
poliittisten
voittoa
luonnolle
valtiikuun
synkäymiseen
pysnykset
kanaan
kymmeniä
kaatoivat
maakunnass
----------------------------------------
Epoch: 76 	 Loss: 0.25829425
----------------------------------------
ksena
vieren
kulli
teot
ratkaiselta
ilmavirdeaden
koskettu
pitämästä
palokuvien
histon
keltäytyi
lajikemmalle
kroppuu
äänestää
tasankoja
ylennettiin
opetuksia
jonne
aikonutta
toiseksi
välle
voittaja
vw
----------------------------------------
Epoch: 77 	 Loss: 0.26730871
----------------------------------------
syvyntä
taloudellisten
ankarista
mahvoa
miljoonaavaoon
lähetetty
heistä
katuoreelta
keveästi
keskiössä
miehityksen
tuhevien
lähelläkään
valtaiset
useimpaa
työpaikkojen
rikkomoota
huomistavat
teorioista
----------------------------------------
Epoch: 78 	 Loss: 0.26577207
----------------------------------------
utkamat
luotta
edustaakalun
väittelyys
sivelsi
ajatusta
syvyyksi
keskustoisia
neuvotteluita
suuntaan
koko
tapahtumat
subduksille
yrentämiseen
rammahtamaan
alabuodeja
tasavalta
mosikaaten
suojella
viere
----------------------------------------
Epoch: 79 	 Loss: 0.24739196
----------------------------------------
erustettavasti
suurimen
herässä
etuoriatse
alkavan
nikkomaat
yhteiset
katunen
autta
tiensä
aloittamisen
valmiina
saavutetta
sarostuvalla
kiinnostuen
vanhansa
vallassa
tuuvovat
menestysten
konsultoiden

----------------------------------------
Epoch: 80 	 Loss: 0.27477585
----------------------------------------
etta
teolumat
osallaoihin
kaskit
kansallisvallisuuspalkinnoa
paljastu
kavasta
julkiseen
versiostamaan
todellisia
pystyvät
kauten
taivottavasti
kuvin
sisältää
lukematorton
vistirialaiseen
olemaan
koneis
----------------------------------------
Epoch: 81 	 Loss: 0.29406336
----------------------------------------
eräissä
uppoavaa
puna
kummenille
lannoitettu
viimeisteltä
perustuen
muutosten
tutusanarkiantefi
toukokuutonut
varautunut
hyväksyttiin
maisuus
palkkin
karteutuija
tavalla
muihin
kuuntelemiaan
johta
käyt
----------------------------------------
Epoch: 82 	 Loss: 0.32166396
----------------------------------------
slään
teoriassa
toi
mainittuun
eläviä
kannustepalkkiot
pitkän
rhasteuttavia
helppoa
hovistaan
hehtiössä
vuosisarvo
telasikirjastukija
viimeiseen
osallistuakseen
alaviltiokouleista
yhdessä
yhteiset
koke
----------------------------------------
Epoch: 83 	 Loss: 0.31259179
----------------------------------------

maanviljelle
äänäytteli
kartoin
häntä
tärkeät
kaappa
manjuun
sodan
svallisti
pehmeä
kenraalien
kahdista
ärykkelän
bappumalla
muisto
tutkii
poliisilajoittava
piilevää
kaverin
kulki
loukka
harlevat
kasv
----------------------------------------
Epoch: 84 	 Loss: 0.29355794
----------------------------------------
illan
interventiot
paljaalaiset
mahdollissa
alkuperästi
sekustuminen
parhaiden
orlassaalaiseen
maltaisensa
parhaimman
vataiset
usosta
kulta
suhde
täydenkuun
nälänhätä
alienes
lääkehät
takalleen
alue
ki
----------------------------------------
Epoch: 85 	 Loss: 0.27197677
----------------------------------------
ssi
yhdistyi
pihleän
mennä
taitavien
aiheuttavasta
mukana
harvoista
raihistoriallisia
itonaran
oletettavasti
kulttuuriiti
tutustus
komme
puolella
jokkoni
jälkeläisistä
ratsuväki
luovuttaakseen
laissa
m
----------------------------------------
Epoch: 86 	 Loss: 0.29056323
----------------------------------------
niiden
päättyvät
asiakoihe
valloitusten
kutsu
taitoaan
sovitukkaan
alaisena
omalaanteista
tainos
maailmassa
syvyyksissä
hävättä
laavit
julkaisukooden
tähdistön
tai
osallisten
notettu
kuululla
käästyi
p
----------------------------------------
Epoch: 87 	 Loss: 0.31622782
----------------------------------------
lija
toivoen
kuta
täydystojen
laulut
luottimusta
tarkoitti
galiptivisti
siirtyä
taisteluhen
länstivät
kasvuun
merkittävä
pelastutti
hajoituksia
jonne
aikonut
hänestä
tehostoisi
muutoksen
projekteihin
l
----------------------------------------
Epoch: 88 	 Loss: 0.32526210
----------------------------------------
sti
eneassa
kasvava
monis
yhdessä
yhteisiin
reaktiessa
suveista
oikeuttavia
yhteisölle
omistanut
kyvelle
ajan
kutsulla
luottamiseen
kisaa
paluuseen
valtavaa
oikeutuksena
artikkelissä
uhävien
avattu
työ
----------------------------------------
Epoch: 89 	 Loss: 0.30630787
----------------------------------------
laivostut
liiot
tutkinnan
elämisminen
asiasta
edustajan
asteessa
puolipaloittamiseen
kunnalle
liitaoinaaa
hevätonialaiset
keskeyttää
päiväksi
ministeri
retoriikkaaniset
osaltaa
täytti
saman
elikuussa
l
----------------------------------------
Epoch: 90 	 Loss: 0.29828843
----------------------------------------
ssä
pakkuttun
kuukki
luottotyypeistä
kauppuun
arheija
jälkikään
siellokuuta
luostautumia
kasvavat
puutteesta
kassamurten
suhdea
senraanit
saarto
vaimksutuotalokumaan
palovaroissa
opiskeltiin
mahdollist
----------------------------------------
Epoch: 91 	 Loss: 0.28589502
----------------------------------------
kulkistivasti
aviolitoimisvoima
toissa
vallata
sai
kasvava
johtamien
samansuuntaiseen
uudista
rappelin
kohdetaan
koskellisen
ilmistomisesta
luostarin
romastumisen
lunastavat
metalliosille
häiriön
calli
----------------------------------------
Epoch: 92 	 Loss: 0.27355242
----------------------------------------
laiva
yhdissä
tökstystöusnisten
julkisti
syväksi
seeralla
klistiukselle
uuttelun
etelään
matsin
luonteensa
lisääntyvistä
muisto
vaihempia
lopulla
tutkitaan
slaamuna
kertoivat
eläintää
avalto
käännitelm
----------------------------------------
Epoch: 93 	 Loss: 0.28251820
----------------------------------------
ssä
osituksen
tarkoittaen
onnestui
loput
enclyytti
eturigoiden
promioituttelusta
oikein
jäätyttä
tiedotteisiin
aihen
mereneläänä
para
jälkeläisfroiden
ollut
valattu
mintariihin
vapautta
hyvyyttää
pääte
----------------------------------------
Epoch: 94 	 Loss: 0.27163144
----------------------------------------
laiva
keskuudessa
värteen
vastata
ilmasto
vaimuvat
metallisen
kihlata
saapui
osuus
puulillaan
nimittämisestä
haluskelussa
sinua
gyrkään
vesiä
ristityiset
sota
hallitus
kulkee
rugbyttamiseen
unohdelle
e
----------------------------------------
Epoch: 95 	 Loss: 0.26754421
----------------------------------------
öö
jälkeee
prolestaus
varmi
valmisteluun
päätti
lukee
russaa
promioypäikäistä
espanja
paljastumista
yleisten
samankäentelystä
matkaisu
tuo
aälyttäviä
pyydillään
pakkotuomista
psestön
hehtiarin
mahdoton
----------------------------------------
Epoch: 96 	 Loss: 0.25618193
----------------------------------------
ä
yleisöä
poloittamisesta
tiedemiehet
älypuhoutuvin
ylittää
sekapea
kesäolyhuolevaa
kavalle
kitataan
samantukselle
uutta
selkeutynyt
tappoutuurien
yritykset
tarkoittaa
täytti
samansuuntaiset
tatsa
hoim
----------------------------------------
Epoch: 97 	 Loss: 0.26349268
----------------------------------------
arion
tarinoituksen
tarkoituksesta
vaihi
taloudkaluja
vapautuneesta
kuisin
kulmi
nimittämisestä
istumiskynnyttä
paljastuksiin
ajatelmansa
noussa
näyttelypätkymyrkkeissä
paloittaneet
tullut
valtakunta
e
----------------------------------------
Epoch: 98 	 Loss: 0.26371820
----------------------------------------
an
loputuloksen
lapsensa
noumistamaan
version
koulukuvouksen
tyyneltyje
kulttuun
yksilöille
savella
perustelulle
kannattajaa
valtamerenpongertoisuunnittain
kadustettu
kymmeniä
voimattavaksi
liittyneitä
----------------------------------------
Epoch: 99 	 Loss: 0.27310288
----------------------------------------
isin
reseraanien
kaltainen
selvillä
ironia
oiheusplisallistui
juoliseen
kisaali
talletta
käsiteet
täyttelystä
hiustulossa
nykykyltöiden
saksi
ystävies
rakenne
viimeisin
peli
aatia
suosittuja
rokkomuksi
----------------------------------------
Epoch: 100 	 Loss: 0.27610555
----------------------------------------

kolmatto
kaksettu
karten
engleitettujen
pinkin
tutkimuksen
numerosk-ranain
valituntaa
suosi
jääntyy
valmistamiseen
unohdettiin
ealukuvat
yppiä
paikalla
keräiliä
kaappalevansa
parannosisi
saivat
lapsel
----------------------------------------
