----------------------------------------
Data path: ./UD_Chukchi-HSE/ckt_words_train_filtered_shuf.txt
Data has 22078 characters, 62 unique
----------------------------------------
Epoch: 1 	 Loss: 3.06117865
----------------------------------------
Уэтӈвака
Ырвэтӈыртынтакмӈьомм
матьахёӄы
Гойангым
паԓьымӄкирчъимтэн
нипӄэԓгаԓӈаԓгыӈиԓмымтвитԓынин
ит
ӈгэӈгимганый
Ыннит
матнырӄэ
гокчгъъиԓнынчъитӈын
пъэттьвгыԓтытъъыт
ӄарувьэк
кымюэт
аԒнамвэкт
тэмьыӈкгы
----------------------------------------
Epoch: 2 	 Loss: 2.55199029
----------------------------------------
гоятъит
пӃикъын
ръэчгэӄэн

мэмэ
нъиьъэнэтэтэ
тинԓёпъам
нэнмыкэтъан
нымкы
кадмоԓвотԓирӈин
атӄывыԓэватъочапԓиӄэн
тэрвыкэ
ныкытагы
гыӈыт
ыʼʼгэ
яиры
онмот
гым
омвэ
аввыӈгиӄап

иӈа

ӄын
Ӄыӄаԓьэнгын
ымйэнэт

----------------------------------------
Epoch: 3 	 Loss: 2.39965288
----------------------------------------
ԓ
римтъиӄэн
раа
эсгоӈӈымэты
ԓтъьэн
ԓьымвъэмэ
гэккыквыркурилимэтыт
ейсыётыӈ
румгэвы
нэнчьача
гочгъамэ
тйэԓ
ытмогэтаъэкэ
выткыгкэӈыт
киаʼн
апгевэ
вынԓьыӈ
ачпаьча
пороиԓӄэткын
эԓԓьуч
яʼквъым
наоʼртытиӈолк
----------------------------------------
Epoch: 4 	 Loss: 2.27081967
----------------------------------------
та
йэйарвыԓьынэт
гыӈреԓгытчаорро
маԓӄычоӈ
ТынЫйынтэнмым
ынриԓьытъым
гытӄамэ
ичԓеыʼмъым
ымээткуркыԓшаԓгыт
варо
нотвэӈым
вытгытӈутыԓгы
Ӄотъымъым
ӄэнай
ӈыԓӄотгавъыԓгын
ным

ьумъёгъиыʼм
тытъа
вынмыԓьыԓгычӄ
----------------------------------------
Epoch: 5 	 Loss: 2.12664622
----------------------------------------
мювэ
Ынмури
Тыԓьурэтывъим
мумэкъым
ивкэ
нанӄуйыт
ԓгиӄинэт
имгъыԓгивы
ӈанра
ымӄэн
нычьеԓезгычвыԓьоаʼ
а
ток
ӄойароԓё
ынӄэн
нытотӈэтыйӈыԓгым
ԓьуринэт
гаԓгыԓгыт
ӄоттыӈъым
Ытԓьыт
яаԓьоаʼтъым
мыт
Мытчагчочеб
----------------------------------------
Epoch: 6 	 Loss: 1.96439539
----------------------------------------
Тиԓӈыча
тъоԓык
ъэтъёӄайа
эмӄинэт
Гынчеврыԓеткуеԓьъым
танйыӄа
тиэʼн
рэсимгъэн
тэгиэ
Ыʼм
гаӈъотани
ынпыӈэ
чеаргыбъоԓ
гъиригым
гыток
Войӈытаӈӈорэӈэтык
Паяԓёӄъым
табтапыӈӄары
нинэнпыкирынтэвымъым
гуркынэт

----------------------------------------
Epoch: 7 	 Loss: 1.79974774
----------------------------------------
ʼнмэна
вэӄэркыԓьын
грэԓиӄъым
тыӈэнэ
мытынмъым
мыԓьуриыʼм
энмэмэ
Айвэтԓьан
эчкыгэгым
ынмэткынэт
амӄаек
ӈинэԓьэтӄинъям
мытиӈкыӈэтыԓьинат
тэӈэй
евачгэтыԓьэтыгым
памӄача
пвэтъаԓьыт
эмӈэтытэ
чымчьэтык
нытэӈ
----------------------------------------
Epoch: 8 	 Loss: 1.63083340
----------------------------------------
ʼт
чаморԓяӈӄамэтвакъым
коук
Ынпъым
нынйивтыгым
гытоаркычьэтыӈэ
Таԓёӄэн
Нраӄэйыйычгын
кучикэт
апэкэйпыԓыткой
ԓьумэриӈа
эвъэнйыԓьыма
ӄымпыгъиԓиӈивым
Маӄайынатэ
гамъомԓетгъэн
гэԓёԓӄыԓьыйгыт
Ытръэм
ыʼттъыё
----------------------------------------
Epoch: 9 	 Loss: 1.47924388
----------------------------------------
тӄэн
ӈэнририыʼмэ
авычьыта
Эчвамак
мытчаёмгопы
Ийгырык
нинэнмурати
ынпыӈэйӈэвынъым
Ӄытъэвыԓьын
ӄыръиԓьиӈыԓьэтгъэкъым
ынӄэнъым
ӄывэтӄэн
ынӄэнъым
увэ
мытӄиԓятэӈэ
мыԓьэԓеӄъым
ный
донморэ
Нивым
Ныԓгыгыӄинэт
----------------------------------------
Epoch: 10 	 Loss: 1.32700900
----------------------------------------
т
ытмъэч
эйкыԓеӄинъым
энмэ
горо
мыераӈэйгым
нъанэԓёткэ
ванэвэтъяв
Ми
дино
ныгъэтуриыʼм
нэнамӈырчгынъым
апэчь
ԓьэткор
рачы
Гыԓыгэтэ
Ӈоётԓьат
Эʼткиԓьэ
Магтымык
Аоот
кынӄачаӈвыпэтинэтъым
гынтэвык
нэнамэчв
----------------------------------------
Epoch: 11 	 Loss: 1.19482142
----------------------------------------
м
рэмкык
оԓёт
Ээпиръэн
иʼмчичевнэт
имниквъи
кэԓьама
тэ
яонра
оʼраыԓьэ
ынпыгчгагэтыԓьат
рэгни
тыԓиӈутэгын
нэвирэчикинэ
мытӄыпычгичеквъэк
гэтэйкыԓитэгынъым
вааԓьын
Пвиратэ
гэпури
Тинӈыԓьэккэтэ
мытэнмаӈэ

----------------------------------------
Epoch: 12 	 Loss: 1.07099107
----------------------------------------
гъэ
нымэйывэт
Гъэн
ыммэмыԓьэты
Ԓгэйыӈӄэна
ытԓьат
Ӈуԓеӄиӈ
ти
мытримэна
Ынкъа
Йитчыӄив
ивыт
нэнэԓьинэт
кэнъя
мэйӈ
нычемыԓьутгъэн
Ытчая
ныԓьулинэт
Навъат
Айӈэ
гымыниттэ
мытнэтанӈыткоӈӈа
Ытԓьата
Тычинэт
ӄы
----------------------------------------
Epoch: 13 	 Loss: 0.95558009
----------------------------------------

Ԓгэнарагтыӈӈоԓет
тыԓеӄин
Ныйъоаʼнат
ныԓьуӄиӄэт
ԓгиинъатчайгым
эт
Инёԓьыт
гэнъэԓмытчи
гитэӄэй
Ӈыӄамъым
яԓ
мыръинвэткэ
тынитӄинэт
каӈъаӈ
Ӄыръанэтвавӈыт
гэԓьуԓитъым
пэтӄама
тынут
Ӄоры
нычеԓютивым
айгысӄъ
----------------------------------------
Epoch: 14 	 Loss: 0.85762853
----------------------------------------
ы
ивнинэт
Вымӄор
нымэйыӈӄинэтэ
мыныйъома
ыʼԓёӈэт
нытӄымгынтомык
ынӄоры
Ныгиԓӄиԓьынъимэ
ныйъоӄэн
Ивыръач
нэнаранвэтгавэтыӄэн
тынитинэт
энмэнъым
триԓьутгъэк
гэтумгинэтэт
Нэнэнэԓьэтӄинэт
ча
нэнарыӈӄайъым

----------------------------------------
Epoch: 15 	 Loss: 0.75653391
----------------------------------------
ытъым
гавъёԓьаттысӄавъым
Нэӈэйӈэвивым
ӈэйгъэм
Гыръойӈытъым
ниԓьу
ӄэԓьуӈынъым
нэнаваԓамӄэн
ыʼттъывытъымкытгынтыпалина
нотагты
айгыӈӄаеъыма
мычиԓьуэʼн
тԓьаймык
ԓьэԓе
Му
гача
ӄуԓийъиԓгыкы
ва
ныԓьиргъи
йъа
----------------------------------------
Epoch: 16 	 Loss: 0.66960744
----------------------------------------
Уанъоры
Мытъэн
Ӄоч
й
Гараӈӄарыӈ
Ныԓыгэвэтыԓьэтӄинъым
мытръэт
Ныԓейгым
чьэнры
гэпэтгъэк
Ынӄэна

мудиӈэ
кыйъасыԓьатэӈэ
Маӈӄа
трэ
гэрэмкынэ
Мо
мургинэт
эчыквытгъэт
уче
тумгытум
рычво

Котъыԓёӈа
мытрэнчьай
----------------------------------------
Epoch: 17 	 Loss: 0.60281914
----------------------------------------
этгъэнъым
ыныгнотаӈӄачагты
Апосӄэтгъэт
пэԓгытагнэт
Мачгытԓен
гамаԓящэн
ныԓгыӄинэ
Маӈӄырагтыӈат
квынка
Эʼптэ
Ниигъэ
Ныгъоравэтԓьан
амӄааткэ
гынмаӈӄакъым
нэймыԓ
мынкынкакиӈэ
ныйыԓӄэтигым
Ынӄэната
ныгэнмэ
----------------------------------------
Epoch: 18 	 Loss: 0.52515988
----------------------------------------
орэ
нъанэԓёӄэнат
Ыныг
ура
тизэтӄэй
Кынмаԓпыԓьэвым
кыԓьоят
чайӈыӄай
эӈэӈыԓьыт
Чааркы
нутэ
инрикэчиԓьэтӄин
раӄай
мынгыпъоӈгэԓейгым
Мынԓеԓьытэ
гыткаԓгыӄэна
вездеходык
ныԓгиныӈинмури
бъэԓеӈӈоморэ
ӈанӄаэт
п
----------------------------------------
Epoch: 19 	 Loss: 0.46750279
----------------------------------------
мык
мыԓ
камагтэ
нэԓгинуйывмыкы
ӄоԓетъыԓёӈа
Ывкэԓиӈэ
Нывирмыкэ
Тынинтысӄивнэт
вэԓӄынтэттыек
рэӄо
равъэчгатгъа
Ниԓгытэвивым
ӄыԓпигъи
ӈэвъэн
гэно
рынтэв
этԓен
инъэмэ
тычейвыткугъак
тэӈэмԓетгынтэвыръынэ
то
----------------------------------------
Epoch: 20 	 Loss: 0.42683004
----------------------------------------
ататэ
Вэнԓыӄэнат
Оонъоры
мынкыӄин
энанымы
оттыԓьын
мытӄайпыӈэ
га
ныԓгиргыткуԓьэтӄэн
Ӈэнчьыкӈыткоԓьатыӈӈоаʼт
ӄэԓеӄъымэ
камч
моԓтэ
пыкиргъэ
Гъарагты
йыԓгычорунат
Ыныг
урэ
пиучечыку
наԓгыръоԓен
Ныԓейгым
Г
----------------------------------------
Epoch: 21 	 Loss: 0.37032178
----------------------------------------
ъэм
тынут
мыттайӈэмык
ри
чарэты
гынчьэтыӈӈок
гэԓе
Йыԓимыкъым
рэнэ
то
ныԓгыбэԓиӈитэ
Ынкэнъым
рэнэ
чакэттопгыт
Нинэнэнъыԓимури
нэнарэн
и
гыръэйвэнмурэ
эпириӈын
Нанъяач
чьы
рэпыԓ
Рыма
ныръэйвэнмурэ
тачьа

----------------------------------------
Epoch: 22 	 Loss: 0.31918349
----------------------------------------
пичыкинэт
чанэта
гаԓӄыйӈын
Гаԓяыӈӈогъа
каԓеткопааԓьэвым
ӄымнан
мач
муриӈэ
Ынӄор
яа
пэԓӄытви
гэтэӈычьэнмуриӈэ
Ԓьо
нъоравагъа
кэԓинръэ
таӈ
нэнаманэԓпынрыӄэнат
агтана
каԓя
гымнинэт
Танӈыԓьэнмык
гачаӈӄач
м
----------------------------------------
Epoch: 23 	 Loss: 0.27421522
----------------------------------------
ым
мытынӄамэтвавын
кэԓыԓы
рэԓыкыԓьын
ԓьэԓеӈкыӈэ
Ыʼмтзомык
Ныԓпэԓӄынат
Нинэйӈэйкыӄин
траԓьатэ
гыргоԓӈэ
Ԓгэгэчевкы
мыӄэпԓяԓьэвым
ӄыԓпыркын
ивԓывэтгавъё
гыткаԓгынэт
джисӄунэт
мытэйкыгъэн
раӄаеквэйпы
Мыԓьу
----------------------------------------
Epoch: 24 	 Loss: 0.23766449
----------------------------------------
яСвэ
нырэтэмӈытэнмэ
мытратвагъа
ытчыгыт
вагты
Гытэӈпыԓытъымкынгакыпы
чавчы
нутэ
ныԓгэԓвавморэ
найгымы
Мэвчерэвор
еыԓьу
Ниԓгытэвӄинэт
аʼԓяԓьыт
гэкэԓыткорантаморэ
пыкитԓьыт
Оп
ыръуры
энмэч
яыʼм
Ӈачыко
Гы
----------------------------------------
Epoch: 25 	 Loss: 0.20996944
----------------------------------------
ʼн
кэчипы
мыӄэй
Энмычагты
тэӈыннин
Ӈыныёогым
Гыръайватԓыӈгаэтыӈа
гытгыпэԓваԓыӈкы
ныгэԓвавморэ
камчьачьыма
Или
ынанэ
мытрэйыԓьыт
Ӄутынъым
ӄыԓёпы
ӄэвэтъыԓ
мытӄыбэӈӄай
кэԓиӈын
танӈыгэчвакгъак
имԓетык
рэԓв
----------------------------------------
Epoch: 26 	 Loss: 0.19904839
----------------------------------------
айгым
Горгытагнэпыӈ
Ыннэнэ
вы
ыʼтки
гэԓигыт
раԓвыԓьый
Ӈэвъэн
трэйыԓгыт
ратвагъа
ыʼԓёӈэт
Ытчаяыʼм
ягмаԓеччо
этынвытъым
мургинэт
вааԓьыт
ныԓгиныӈинмури
м
гатамавэвым
ԓыӈъоморэ
ынпыначга
Гэгэргыпынчиԓин
т
----------------------------------------
Epoch: 27 	 Loss: 0.19693639
----------------------------------------
орэ
кытгынты
ыныгновэтԓин
нывиӈитык
ыннэн
ыёогыргытагнэпыӈ
Ынйивӈэвэ
Ытръэчьы
нывинрэтивым
тэ
тыгэчьым
айгысӄы
Мытԓьэнрыԓьын
каӈкачгыргын
ныйымэтваӄэнэт
ынъэӄэйынъэмэ
нырэӄыӄин
ааӄъым
атъеԓгытъым
Ынӄор
----------------------------------------
Epoch: 28 	 Loss: 0.18393895
----------------------------------------
ёквъи
нинэйыԓигым
Гым
ынпычьэкыкъым
аӈӄаԓыгэнн
рагынрысӄыт
Нэнатаԓяйгым
Мытымпэ
пчеӄаԓгыӄай
Ӄузиԓьиԓ
ӄиԓ
гэтэлвыԓьын
Энӄэната
мытвинвытэгнэннэтэ
Гытуԓгыԓьын
Ӄоравэтԓьан
ынпыӈэвы
Ытԓыгыт
вэчьымарэ
ящ
нэ
----------------------------------------
Epoch: 29 	 Loss: 0.19710410
----------------------------------------
каачек
очоча
эпэӄэйъымэ
ынпычьэккэтэ
витын
Энмэпчыткоӄэн
кԓюпчыко
трэрэнӈын
ӄынвэт
О
мытив
тынтыяатгъан
нинэ
ытԓыгиыʼм
нинэкириӈэԓьын
ӈэраӄыԓьэты
ыʼтвиӈэ
ам
Гыръэнутэт
таӈъора
ынпыначгаӈэ
Гымэйӈэвнинэт
----------------------------------------
Epoch: 30 	 Loss: 0.18036791
----------------------------------------
н
энни
гэԓивъиԓгытэвмык
опопы
Мама
мытрарагъам
тытчыгыт
Ныръыԓгыӄэй
эԓыԓьыӈэт
Энмэ
ытԓёнъым
Ныгиԓӄуткуԓьэтӄинъым
нэнамӈыԓёӄэн
Ӈу
гымнинэкԓьэ
Нивык
Мытынпэты
Опвэ
Мытчаёмыкъым
рычвойвот
нэнаԓпынрыӄэнат

----------------------------------------
Epoch: 31 	 Loss: 0.17092153
----------------------------------------
э
мытрэвтыт
ыʼттъыёԓкэнъым
нэтваӄэнат
аӈӄаԓьыт
рэнри
черутэ
эчыкутԓин
тынититынэт
Ытчаяӄэй
Нэйыԓгъэн
ивык
Пԓыткукэ
гачакэттомга
ӈавты
ытԓенъым
нэнувимури
нинэтэӈкэчиритэ
тычейвыткугъакъым
ԓьунинэ
ытчая
----------------------------------------
Epoch: 32 	 Loss: 0.16227875
----------------------------------------
ына
И
Эʼмы
ӄэԓюӄъымэ
мытчаёмык
пыкэрыӈӈок
тыԓьуэʼнэ
ынъэӄэйъымэ
ынӄэната
Мытԓьэн
тэӈэвыт
ԓьооԓьынъым
нэран
мэԓӄыттиыʼм
нэнԓывэтгъэнъым
ӄээӄынъым
пыԓытъым
ыʼԓык
итгъи
г
нинивигыт
Ом
Имыԓьэтиӈэ
тычейвытк
----------------------------------------
Epoch: 33 	 Loss: 0.15329657
----------------------------------------
т
Уъы
ытԓыгэ
тыйъоаʼн
Нинэтэнмури
ръиԓеԓьынъым
аӈӄаеквэ
ԓгэчьачаӈвыячеэгатӄэн
мы
гаканйыӈа
Ӄорагынрэтыԓьыт
энмэна
вые
Эʼмъи
тъурэтгъэк
эргатык
общем
Гым
ивкэ
Ынъэӄэйынъэ
бэмкури
нэпыкиргынэ
онӄэнъыма
Н
----------------------------------------
Epoch: 34 	 Loss: 0.15046835
----------------------------------------
ым
эмнуӈыԓьыт
гэнъэԓԓин
ивыркын
нэԓӄыричыӄинэт
тытаԓяпԓытконат
Ӄытэӈнытаԓпыӈӈоԓен
Нэнъеюнивымыʼм
авъёԓе
гатапачпортӈыӄаат
ӄынутэт
Тэԓетԓы
куръим
чамчыткок
Мытынтывэтгавыркынэтык
пԓеӄӄэгтиӈын
нинэтэйкив
----------------------------------------
Epoch: 35 	 Loss: 0.15052838
----------------------------------------
Нпывэтыԓьыт
эмрэнкэ
Амгаканйыӈа
ныԓыԓептиԓръуӄинэт
тъёвыԓы
ныԓеӄинэт
пывири
нытанӈыткунинэт
ныӄор
нырэӄыӄин
энъымэ
пԓыԓыӈкы
тынотапынмынтагъак
тивтыԓетгъэкъым
айгысӄыӈӄачьым
фантаноа
Гытъиԓгъи
Тэмкыни

----------------------------------------
Epoch: 36 	 Loss: 0.15088415
----------------------------------------
гэрэӄигыт
риԓвыкымгытԓин
тэгнинэт
Гыто
Ӈэвэӄъым
тымӈэвԓен
мыммэмэаʼк
тъэр
блискатӄэн
нэнъиръиԓемйигӈы
Ыннэнчьэн
нинэпириӄинэт
каачагтэ
орвык
маԓгыӄай
энмэч
евъев
нытвайгым
гакооԓгыԓе
Эвиръуԓьыт
гэԓӄытԓ
----------------------------------------
Epoch: 37 	 Loss: 0.14419746
----------------------------------------
ъыкинэт
гэтэнӈыткуԓин
нытанӈыткоӈӈомык
тэӈэвыт
гэнъэтԓин
напэӄовтытэвԓяӄэн
раԓӄаӈынвытъым
энмэч
евъевъём
гъэмэтыԓен
эгнэнэнэԓьэвымэ
гаԓгаӄай
эвычагты
равъэчгатгъа
эʼрэӈунри
гырыкытгъэт
бэԓиʼʼ
ръэнутъым
----------------------------------------
Epoch: 38 	 Loss: 0.15318655
----------------------------------------
Нутгыӄээтэ
ниԓгытэвӄинэт
Тытаԓяпԓытконат
тытанӈыткоЭʼн
нинэнэймэвӄин
транӄамэтвавӈын
ӈэвэӄэ
наноно
оʼӈа
тынотапынмынтагъак
Ув
Нэнанан
Амятыпԓыткук
агтыӈӈоԓен
ныӄамэтвайгым
это
гитԓин
Ыʼттъымыт
гэкэӈэ
р
----------------------------------------
Epoch: 39 	 Loss: 0.14698021
----------------------------------------
ынат
Гытэӈйыӈӄачьым
фачаьатԓен
имыръэнут
Наӄам
Тумгэ
майӈынымэӈымык
танӈыӈэнӄай
ъымэ
нытваӄэнэт
еʼԓерычачгын
каԓеткоморэ
норгынэнэнэ
Иювэӄэйыну
ым
Рыгичыӈкы
ыныгчеръок
Гытэӈйъапыԓытъымкытгынтыпалина
но
----------------------------------------
Epoch: 40 	 Loss: 0.13557711
----------------------------------------
Нӄорэ
нынамэвгынэ
Тыръэвивыт
Ныԓьуӄинэт
Пачаёрагты
Ӄутырык
Танӈы
ӈэвысӄэтти
опопы
Ӄутти
ыныкъым
нинэнрайъо
Эʼмэ
Гъэтвэнмык
эймэвыԓьын
нывинӄинэт
Г
Ч
рэтепԓытко
ӈаттампына
Ӄоԓе
гамыԓӄыпэԓятԓена
Не
гэрэӄ
----------------------------------------
Epoch: 41 	 Loss: 0.12807528
----------------------------------------
гээчеквэтгъэк
Ээнъым
Нука
мычыԓюйвэты
рыввиръувнинэт
кашобӄэт
нэԓӄырирчыӄи
нэнэныгъевмури
майӈ
ӄонагыԓьын
ръэт
Ныԓейгым
нэнайпатӄон
кэчи
оʼравэтԓьак
ченэтрагты
Мурыгрин
ваԓьын
Мэгнинэнъыԓ
мытӄы
танӈы
ӈ
----------------------------------------
Epoch: 42 	 Loss: 0.14039363
----------------------------------------
ъэ
тъурэтгъэк
ыннэнԓьэн
нинэйыгривэтыԓьын
мытӄы
паагъэ
Йъэ
Тан
нэ
гапанрэватӄэн
ниниԓгы
ӄуттивым
нъыԓымы
ӄоры
равэтԓьан
ынпыӈэвы
Ытԓыгыт
вэчьыма
вээмык
камч
Эвиръын
Кытвы
гаканйыӈа
Ӄорагынрэтыԓьыт
энмэ
----------------------------------------
Epoch: 43 	 Loss: 0.14969222
----------------------------------------
рэйырӄээн
каӈкачгыргыпын
тынтыяатын
Ԓюутэ
е
яраԓьата
энмэпы
эмнуӈыԓьыт
ӄывэтгавӄэнат
тъыркыԓьеӈкы
Иʼԓевнинъэм
мриӈэ
рыеӄӄэыʼʼ
мыйъоԓен
Пэтԓе
Ив
ӄарынӈо
нэнъэтывэтгъэн
натагъан
та
Иʼԓгытэвъым
ва
ыткэк
н
----------------------------------------
Epoch: 44 	 Loss: 0.15373902
----------------------------------------
э
вал
ӈэнтыӈэ
ӄуԓийъиԓгык
гэԓӄытԓинык
Ныпэнчияйгым
гаквъот
Нэнанвыӄэнат
эʼКтыӈэ
Мытиринэт
Эʼраыԓьатԓен
итысӄэттиыʼм
айвачыӈӄач
муриӈэ
нан
гынинъым
яивыр
Нывинрэтӄинэт
ярвыԓгыӄай
Йыʼрэчьы
ковԓёрвыткоԓьы
----------------------------------------
Epoch: 45 	 Loss: 0.15849209
----------------------------------------
чыко
тэйӈэвэтԓьан
этъым
Ымм
му
гапъоӈгатавэ
Кымъытваԓьынтэыʼм
ваамԓыӈкы
ныӈинмуриыʼм
нытваӄаат
отпускыԓьыт
ԓьэԓенръу
гымнинэт
Ԓго
ныԓгитэӈытык
Тэӈыԓӄотъыёԓваӈӈон
нан
Ӈоонӄо
каԓьайӈа
мытратвааʼ
фонтан
э
----------------------------------------
Epoch: 46 	 Loss: 0.15190916
----------------------------------------
ырыкыԓьэт
миӈкыԓьэккэтвигыт
ооо
аʼраԓвагыргытапы
Рэӄэм
ӈинӄэй
яаёвтиёԓгэ
Ӄаратынва
Ӄутырык
Ӈинин
Кууриӈэ
Ыныгрээнъым
нэнаваԓяӄэн
гъурэтигымэ
Ԓыгъоравэтԓьана
пятьдесят
нэԓтирэтивым
ковнё
чапат
Ԓыгэнъым

----------------------------------------
Epoch: 47 	 Loss: 0.16333120
----------------------------------------
н
йыткынмык
ныԓгыӄинэт
тумгыт
чанԓяткынык
мыныгмумԓычеӈэ
Ыʼмто
Эʼԓьэԓетэ
нытэӈӄэутэ
Риԓгытэвигым
Гыт
поӄытгагтыёԓго
нэнанӄамэтвавморэ
Ынӄорыӈэ
га
гымы
мытуннык
ӄама
рыпэт
нэнаманэԓпынрыӄэнат
ӄаарарайыр
----------------------------------------
Epoch: 48 	 Loss: 0.17711551
----------------------------------------
гынэ
Ӈыювэт
уʼрэквъи
Кытвытку
гэԓгыръуԓин
трабилетынӈааʼ
Иʼгэ
айвачвааӈӄач
муриӈэ
наймыӄэнат
тытаԓяпԓытконат
тытаӈынтыяатынат
мэйы
Мытивтыкъым
ганрагтатԓен
апаӄорю
Нывиԓыткуйгыт
ынӄор
Чама
раткоӈӈоаʼт

----------------------------------------
Epoch: 49 	 Loss: 0.16797400
----------------------------------------
уунъыкин
тъярарасӄячьы
клиска
Мытъюръэпыԓыт
чамарана
Гытаӈӄачагты
оʼм
гынинэт
эчэ
мытръут
И
ӄынмыгйивэтыркын
кытвыԓӄун
Вытгытчьэн
ктьомояра
Морык
ӈайыткынаԓ
Эʼм
ивкыри
эмы
гэегтэԓԓин
эӄыԓ
Нэԓьунэт
Ӄуты
----------------------------------------
Epoch: 50 	 Loss: 0.15066468
----------------------------------------
ч
гын
мэкэӈ
ныӈэԓӄывэтгавӄэнат
аӈӄаԓ
мурыгрээн
ваԓьын
ӄитыркын
мимԓычыку
нутэнут
ныԓгэԓваврыӈа
клучьы
камэԓгыӈав
чинит
Аввэткэнӄэй
Ӄорыӈ
ԓгиэʼ
Ов
нэнатаԓёмӄэн
гыргочаткын
как
норвынпъэв
Тэӈыԓ
ынкэ
Мэгԓ
----------------------------------------
Epoch: 51 	 Loss: 0.12996493
----------------------------------------
н
нычайпатӄэн
мыт
пъомпъомотъым
нэймыӄэнат
тытаԓяпԓытконат
тытаԓямвытык
нинэниԓюԓьэтӄинэ
тывичвэтԓин
Ԓгиэʼӄээʼв
ыʼттъыёԓвездеходыт
тынэёчикит
Ныԓгыръувъи
ӈэвъэн
гэнагтоԓен
ынӄаатэ
Нывэԓыӄинэ
тыпэнчиааʼ
----------------------------------------
Epoch: 52 	 Loss: 0.11913656
----------------------------------------
ткыната
мӄымԓёчетык
мытэпэч
янпыԓчыӄэй
Нэйыԓгъэн
ивык
Пԓыткукэ
гачакэттомга
ӈавтыӈгъэ
тынык
Ԓьэԓенръугъи
мытԓе
кыт
патъяткыʼԓы
мытыԓпыккэ
ӈиръэӄин
трабилетынӈааʼ
Иквъэт
гэ
ӈэръамыԓӄыпэԓятԓай
кытку
гэԓӄ
----------------------------------------
Epoch: 53 	 Loss: 0.12617085
----------------------------------------
гыт
Ны
гэргыпъоӈгэвавъёԓгыԓьын
ынӄоры
гавэԓыткорантаэʼ
ыныки
ынӈэ
кэӈы
Ытԓьата
ӈой
гэпэтывэ
ԓӄэнмык
Ӈоонӄоӈэ
ворнолр
Ԓьунин
трабилетынӈъэ
Нӄэн
мэйӈынуттыԓеӄин
Ԓымӄуг
рэӄин
ныгаԓяӄэн
Уйӈэ
Мач
Ԓьэԓеӈръук
----------------------------------------
Epoch: 54 	 Loss: 0.12430462
----------------------------------------
пык
Пэнинъым
Пэрэнвыкъымэ
нынтыӄинэт
сколько
ӄэԓюӄъым
ӄырымэн
ваԓят
Ачомаыʼм
пъомпъомъёчгын
гатъыԓыӈӈоԓенъым
Аӈӄае
гымыкэккэнэ
чевкык
Ынпыӈэвыт
Ԓгэнарагчеԓьатӄэнат
ыпԓысы
рэнри
вонӄо
аёӄарыԓгын
ӈан
пче
----------------------------------------
Epoch: 55 	 Loss: 0.13817466
----------------------------------------
н
тумгытум
Ӄоры
равъэчгатгъа
Ни
гытэвивым
ӄривԓыгыткык
ыʼттъыёԓкэн
ваԓьыт
нэнатарыԓяйгым
а
ӈаԓгытаԓён
Ивнинэт
О
вилеты
ӄуттиыʼм
торыкагты
Гытэӈпыԓытъыԓёк
Нывичвынтэвыԓьыт
эмринэквыт
уже
ӈоры
плискт
тэг
----------------------------------------
Epoch: 56 	 Loss: 0.14673929
----------------------------------------
м
чичек
нынтовэрэнмури
нэныԓгывэтыркынэт
с
ыʼттъыёԓведдеходыкъыма
камч
Ниԓгытэвӄинэт
Тынчикунэт
Оонъыԓгын
пирэнрэсӄивӄинэт
мытэйкыгъэн
раӄаеквыԓгыйӈын
таӈымыԓьэтыӈа
Гымычьыт
Нъывый
Ныгъоморэ
егача
четч
----------------------------------------
Epoch: 57 	 Loss: 0.14193739
----------------------------------------
пъомпъомъёчгынъым
энмэ
гаеԓӄыԓ
пыткэвнин
Купрэткумуриӈэ
тычиӈэтӄээтъым
рэсӄиквъи
Это
иʼӈкэчиӈэвъэнйыръын
Нӄэн
гэрэӄигыт
риԓвыкымгытԓинъым
мыниткэнӈы
Ынӄэн
нинэйыԓигым
Имӄэат
Ынӄэнъымэ
мытынӄамэтвавынэ

----------------------------------------
Epoch: 58 	 Loss: 0.16418578
----------------------------------------
рэ
Ынкъа
гыткаԓгын
Нынъувэвытыԓеӄинэт
мытэйкыгъэн
раӄаеквэйпы
эната
очы
тэйкэвмык
вама
Энмаччоԓена
Нитэсято
гыроԓморэ
иʼм
Эроԓьыт
ԓьэԓенръугъим
Чёрной
аʼнэԓёӄэн
ниниԓгыӄинэ
Тыръиԓеӄинэт
манэгрэтӄэнат
Ӈ
----------------------------------------
Epoch: 59 	 Loss: 0.17325537
----------------------------------------
рэййыры
гыръоӈ
ныԓгыӄинэт
Тутэ
тыԓӄутгъэк
ытчая
Ӈуттэԓв
Йынмыԓёӄэт
тыԓьуэʼн
ӄъыԓтыёгэтыԓьэтӄин
оʼравэтрамкы
ӄытэнныӈгоӄэнат
ӄэлюӄэгти
тыгэчеӈӈонат
трэнэ
Ынкъа
ӄорагынрэтыԓьыт
энмэн
Рэмԓыфонтэн
Нэнатаԓя
----------------------------------------
Epoch: 60 	 Loss: 0.16804866
----------------------------------------

Ынӄор
ԓьукъым
ӄынвэт
ӈач
ынпыӈэвыӈ
нэмэӈэ
Ытръэчьым
морыкаӈӄачормыԓьынэ
имԓетыкъым
ӈыронвертолёта
мытпиринэт
Этԓы
минрэйыԓгыт
ывкы
кааракы
Вэйкычы
чьэчеӈв
йыӄыч
этъэйӈэвыткойгыт
Ытчая
Ӈуттиыʼм
торыӈа

----------------------------------------
Epoch: 61 	 Loss: 0.14952673
----------------------------------------
тым
мраӈъамэ
Кычинит
Аввэтчьэн
кто
Котыгрээн
фаԓёмырыка
нэнатаԓяморъэ
Атэӄайына
нивӄин
Ӈыраӄ
Нумъим
Нэнанамэӈэтԓясӄэвмык
йи
пчем
Гатвагъэ
Йэмэй
ныч
Ԓымынӄо
гатъыԓыӈӈоԓен
Нэԓьунэт
Ӄутынъым
ӄыԓпыркын
ивн
----------------------------------------
Epoch: 62 	 Loss: 0.13169641
----------------------------------------
ыната
Мытԓьувыԓгымык
уӄӄэм
Апэӄэйъымэ
раёвыԓьэвым
мытынтанӈыткоӈӈоӄэн
ԓгититэепкы
айвэчватык
кэԓиткук
тыгынтэвыԓьыт
Тумгытум
ры
гыръоӈ
ныԓгыӄинэ
Омваанвыкэнъым
Ынӄоры
мынгэргэвын
Ванэван
ӈотӄэн
ну
гитэ
----------------------------------------
Epoch: 63 	 Loss: 0.11677105
----------------------------------------
орэ
варъагъэ
мыт
ӄэныткугъим
эчаьэты
Муръим
вама
эчим
чама
нытарагйиӈэт
рыӄытгъак
Эʼ
ынин
рэйы
Мимԓытум
Гыргоԓят
Тури
кино
чинит
марэгына
Ивнин
намӈыԓёгъан
ԓм
гэрг
Йынрысӄ
ԓымыткэ
гаԓгэӄай
эвычагты
рав
----------------------------------------
Epoch: 64 	 Loss: 0.10391910
----------------------------------------
рыԓгыԓьын
ваԓьыт
нинэнӄитэтивым
тэӈувъэԓе
Ыʼмтъом
Гаԓвавйӈын
раԓечетыԓьын
гынтэквъэт
тиԓвыԓьыт
ныԓгыӄинэт
тумгыт
чанԓяткын
как
норвынпэтгавӄэнатъым
рэсӄиквиԓгык
гэтриԓԓин
гыргочаткынэпы
ныннутэк
ыʼмМич
----------------------------------------
Epoch: 65 	 Loss: 0.12723477
----------------------------------------
йыԓгыт
Нымкыӄин
тумгытум
Ӄутырыкъым
ӄойвыткыната
мӄымԓёчетык
мытэ
ныԓейвыйӈыйъоӄэй
нытэйкэвӄинэт
тэнэн
рэсӄивнинэт
сэӈэвыт
Ынъэйӈэвԓьат
нымӈыԓяӄэн
Ӈу
гымнинэ
Нывыргыргыръуӄинъым
гынмыԓ
еэ
минъэйӈэвивым
----------------------------------------
Epoch: 66 	 Loss: 0.13596497
----------------------------------------
амрэвавыԓьын
эԓмытриԓгыӄанъявӈытаморэ
пыквыԓгыԓьэтӄин
вайыкэй
ынин
эвыр
мыйыԓгыр
рымэй
тынтамытъым
Ныкорйгыпы
инъэйӈэквъи
ыʼԓыткынык
мимрэӈэвыт
гэнъэтԓин
напэӄовтытэвԓяӄэн
раԓӄаӈынвы
ынпычьэккэтэ
ваамъ
----------------------------------------
Epoch: 67 	 Loss: 0.13209086
----------------------------------------
ривуунрэтԓин
ныпыгӄатвэ
ыʼмэ
Ынъэӄэйынъэмэ
ныръэӄин
нъывинвэтгъэн
нымачпэԓятъан
Ыммэмэй
Нымэвын
игым
Эʼыт
Эмыкэԓӄынтэԓвлинэт
Ыныг
ура
тивык
Я
кинок
ӄыръо
маԓпыӈӈаԓеӈатва
Ниниԓгытэвӄинэт
Тэԓиӈ
таймыквач
----------------------------------------
Epoch: 68 	 Loss: 0.13679729
----------------------------------------
гыт
Нымкыӄин
тумгытум
Ӄутырык
Камӄаԓыӈетгъэ
гамыԓӄыпэԓятԓен
Кԓюпыӈӄачагты
ӄаагтомочайпы
оʼравэтԓьа
ӈаԓгычаронаӈыԓьын
ковԓёв
Танъярачыко
чеймыкинэт
ӈэг
ӄэнагтогэ
нэна
тынтымӈэвтык
мыттамкъым
уттытъуԓӄэг
----------------------------------------
Epoch: 69 	 Loss: 0.14337353
----------------------------------------
н
Нытэйкэвӄинэт
Тэԓиӈ
титъэн
чакэн
кивԓё
жёвыркын
танӈочоч
Нэпиёмпири
карока
Муръинэт
триԓетъёԓгычыко
мытратвагъа
тарычгытвагъак
тивтыԓетгъэк
нинэкириын
плихка
ӈэйкэйыԓгыт
рачыко
Тыръа
ӈэргароӄӄай
ӄутт
----------------------------------------
Epoch: 70 	 Loss: 0.15127947
----------------------------------------

трэнтогыт
винԓьэтгъэн
натагъан
та
Иʼԓгытэвмык
вама
танӈыӈэнӄэй
гыргочаткын
как
норвынпэтгавӄэнатъыма
уԓьу
эчкимочԓьэ
мытваԓёмынат
ыёогыргытагнэпыӈ
Ынйивӈэвэ
Ытръэче
тагмэч
нэнарвынӈысӄэтгъэн
эʼмнуӈыԓь
----------------------------------------
Epoch: 71 	 Loss: 0.17358113
----------------------------------------
пъомԓьын
ӄынвэт
ивыркын
нэԓӄыричыӄи
нэнэнъыԓимури
ынан
пыкиргъиӈэтэ
Н
пэԓӄынт
Тумгытум
ры
гинэйвэтвэнмурэвӄэн
рэтриԓгъиыʼм
чакыгъан
вэтгавэтыԓьын
ныԓӄырирӄинэт
бригадиро
энарэӈочайпы
пԓиткэкин
мыттэйкэ
----------------------------------------
Epoch: 72 	 Loss: 0.16596346
----------------------------------------

тумгэ
Нивӄинъым
Ӈэвъэн
трэйыԓгыт
ратвагъа
ыʼԓёӈэт
Ытчаяыʼм
ягмаԓеччо
камъак
гытъым
Нуткук
йъочы
чыгэн
Ӈуръэйвэт
уʼрэквъи
Кытвыԓӄун
Вытгытчьэн
кто
Котыгыргинэ
пыӈыԓгыръугъи
гаргыпаԓтаткын
чакъо
чинит
м
----------------------------------------
Epoch: 73 	 Loss: 0.14759121
----------------------------------------
чгытэйкэвыт
ӈывытрынты
ыныгэ
тынвэтӄэй
кэԓюԓьыԓьэтъым
Рэм
гита
ваԓвиԓьытъым
гэм
винрэтчыгыткуӄин
мыттаркыԓегъэнъым
эръиԓгытэвигым
чакэттомгыт
ръэвин
тытъытъым
Вао
Гытэӈвэнрэӄэквыт
Ынйивӈэв
эʼквычгыт
мы
----------------------------------------
Epoch: 74 	 Loss: 0.12524337
----------------------------------------
гыт
Ныԓӄутивым
ӄрупык
Яноттыԓгын
Ӈо
чу
Нинийыԓьыт
тумгытум
ры
гыръоӈ
ныԓгыргуиӈивым
ӄиты
ымъычоӈэт
янра
мытратвагъа
тарычгытваԓьымкыт
кином
Ӄырымъым
нымнмык
гатвагъа
увиэʼ
мытрайъоӈытагнэпы
Эԓгавэтԓьак
----------------------------------------
Epoch: 75 	 Loss: 0.12631204
----------------------------------------
гытумъым
эӄъ
ԓьэче
мычвинутэ
тычит
яртодёԓгын
гыр
ытԓьэ
мытваԓёмынат
Ынӄо
тинымыԓьэтӄинэт
тэԓеӈыт
ӄэԓвыԓ
ԓгинымкыӄин
ӄуттиӈык
гэтэйкытваӄэнат
орвыӄай
ӄорагынрэтыԓьыт
энмэна
вые
Эʼмъи
тъурэтгъэк
эргатык
----------------------------------------
Epoch: 76 	 Loss: 0.13565444
----------------------------------------
пичевъевкы
Мытыпкирмык
Нивӄинэт
манэгран
ымы
Ӈутт
ԓиэʼм
ԓьуԓинъым
Ӈэвъэн
трэйыԓгыт
раӄайына
мъянэԓгыегэ
орвоама
нытараӄэнэт
Еча
мытрайъоӈыт
ныԓгитэӈычьэтӄин
опочык
ытԓьэнъым
нэнаёйватӄэн
мымъэнутэтэ
Ым
----------------------------------------
Epoch: 77 	 Loss: 0.15421780
----------------------------------------
ы
трэнӄэйӄэгти
тыԓеԓьыт
йъонэн
ныквынтоӄэн
эʼԓерыԓгэ
ытвэԓгытэвӈэ
Ԓьунин
черутэ
йъотъра
эчкимочԓьа
ӄайвытыԓьын
ӈивык
пытӄы
пԓыткук
птопотръргъым
мытръэт
гэтэнӈыткуԓин
натанӈынӄай
эвынъым
нэнавъятӄэнат

----------------------------------------
Epoch: 78 	 Loss: 0.16142504
----------------------------------------
нма
Ытԓьат
ӄэԓюӄэв
мачваӈӄачьым
чакы
имыръэнут
тумгытумъым
ныпкирӄинэт
нанэ
гагаԓяԓенъым
нивӄинэ
ръэԓе
эты
пымъыӈытԓьэ
мытрай
чамаӈ
нанватморэ
тычейвыткугъак
чиӈ
тъэвыԓ
ӄыԓпиричгэтӄин
Ԓымынкыри
тивтыԓе
----------------------------------------
Epoch: 79 	 Loss: 0.16090776
----------------------------------------
гытумъымурэ
Ԓьувыԓгыԓгыӄ
нынтоӄэн
ниниԓгытэвӄинэт
Тынмигчетивым
ятгъэ
га
Нинивмури
кыткаԓгыӄай
э
Ԓыгэнъоԓьын
ниԓьуэʼн
Гъатвагъа
ыʼԓёӈэт
Ытчаяыʼм
ягмаԓеччо
мыйъоаʼн
тут
орвыӄай
ӄорагынрэтыԓьу
ӄэԓпиттивы
----------------------------------------
Epoch: 80 	 Loss: 0.16188691
----------------------------------------
ама
эквыйынрэпы
гамӈыԓтыйъоры
ва
Гытԓьат
гэмэсӄытвиԓинъым
айвачыӈӄач
муриӈэ
наймыӄэнат
тытаԓяпԓыткорантаэʼ
ыныки
ынӈатагтэ
нэԓ
м
Ԓыгъу
ӈаԓгыӄай
Ӄорыӈэ
кыпԓытъыт
ӈырочвоԓгытко
фваԓьэыʼм
пъомпъоӈытэ
гытк
----------------------------------------
Epoch: 81 	 Loss: 0.14641520
----------------------------------------
Ныйъоёмԓытэк
ваԓьыт
ныԓгыръуӄинэт
тъёпатын
чайъо
Ынӄэыччын
рымагты
нынтыӄин
тыԓьуэʼн
ӄъыԓтыёгэ
маԓмытԓыӈча
мытратвааʼм
пъомпъоӈытъым
ипэ
мынӈъомык
яԓгытгъат
Эʼрэквъиӈа
Аʼԓяйпыԓьынэ
имԓ
нъэԓ
мачквичкакъ
----------------------------------------
Epoch: 82 	 Loss: 0.14291334
----------------------------------------
ъогъэыЭм
чаёроквъэ
ӄайвынэ
ӄэԓьу
Нивӄинъым
Ӈэвъэнйыръын
тъым
Паитк
муригъэ
Ко
чейрон
Гымнин
нытэйкэвӄинэт
тъытасӄывгъ
Энмыгэ
Рэвыӄэт
уʼрэквъи
Кытагнэнэтэ
тыԓӄутгъэк
Ярат
Нырэтэмӈытэнмури
кари
Вэгчейгым
----------------------------------------
Epoch: 83 	 Loss: 0.15330181
----------------------------------------

Ӄутырык
иэʼм
каԓьайӈын
пы
нытэнмэйӈэвтыӄэй
итгъэк
гэтэсӄивти
м
ваԓьытъым
гаӄэттомгэ
пыкитԓьэткэ
этаты
поӄач
Ԓьэԓеӈръогъэ
Нымъым
Ӄытԓыгим
черутӄэт
ӈэӄо
рач
ытԓьатэ
Нивигыт
эмну
Рээӄин
ты
тыԓитгъэк
Ячаё
----------------------------------------
Epoch: 84 	 Loss: 0.15623093
----------------------------------------
ыт
Нъыръысӄянэт
Нуиʼ
Эмы
яраԓьатԓенъым
Ӈирэты
гэнмэйӈэвԓинэт
мытмэйӈэнмык
тиквыт
уӈе
Ԓымо
ама
Ӈуткэ
Ытчаяыʼм
наймыӄаат
ӄырымэнэ
иквъэт
ыʼттъыёԓкэнат
Йытэйкынин
ӄон
юурык
ытԓы
мытрэйыԓгыт
Нымкыӄин
янотъ
----------------------------------------
Epoch: 85 	 Loss: 0.15827041
----------------------------------------
трэйынмычыкоеквэйпыгъ
ӈыръоӄэй
Ӄырым
мытԓеԓьэнмыкъым
ԓгипыгыпгэтыԓьэтӄин
Ынпыначгытъым
эпэӄэйыну
ым
Ръэнут
Тыгичийгым
Ӄытԓьэнмури
Ԓгихык
ынмычыкут
Ив
Нитгъэн
кԓюпчыко
трэӄиӄин
травэтгавъёԓгыткогъа
ԓеӈ

----------------------------------------
Epoch: 86 	 Loss: 0.14912273
----------------------------------------
ривйи
чичеэтэвым
коԓё
ръиԓеԓьын
ӄининивигым
ӄивӄинэт
Ӄытэнма
мытъанэԓёсӄэвмык
ваԓьытъымэ
ивԓыԓьуԓӄыԓԓьынт
Танӈымэйыӈэԓвыԓ
мытгичинэт
Нэԓгытэвӄинэт
Тэԓиӈ
титъэм
аʼтчос
нываԓгыткогъа
мэӈин
выквыткоԓьын
М
----------------------------------------
Epoch: 87 	 Loss: 0.15143389
----------------------------------------
н
ӄривԓьатъэ
ныптыӄин
нэнамӈыԓёӄэнат
тытарвыԓергын
чавчыват
допустим
Ныръэювмык
натан
яаʼмэ
Ынот
ынпычьэккэтэ
ваамъеквэыʼм
нинэнрэӄэвивыт
нымтыӈтоаʼт
нэнарымэйпэвмынэ
Ынӄоры
мынтэвӄэй
ӄытръугъи
мамԓёчы
----------------------------------------
Epoch: 88 	 Loss: 0.15580218
----------------------------------------
ъоӈӈоэʼм
Отоём
гыръойпы
ӈиръэӄи
Гагтыԓыԓьынъым
мытръэт
пэнъёԓгычыко
мытъенмык
ӄача
Ӄоԓьым
Гарачаёнԓенат
Оʼраԓвагты
нырагтыӈӈоӄэн
игыткин
тынтоаʼн
рыюԓьын
ыʼттъымыт
Йыӈэнин
Ро
нинэгичийгымэ
Кымъыӈэӄэйъы
----------------------------------------
Epoch: 89 	 Loss: 0.13780731
----------------------------------------
трытъым
эʼмитԓёну
нычимгъуӄинэтъым
Ӈан
Тивымкэ
гаԓгэмытӄыт
тынтыяӄин
эʼрэнрыгыргыт
рымэйӈэвнинэт
куиноԓьын
ковԓёв
Танъярачыко
Тыйъоаʼн
тур
брупык
маԓгынъым
Ныръэйвэтгъэн
Эʼмитԓён
нинъэйӈэвивым
ӄаӈан
яр
----------------------------------------
Epoch: 90 	 Loss: 0.12324397
----------------------------------------
Нутӄинэт
Пчечетъёԓгын
ынпыначга
Гэгэргыпынчиԓин
тыйыԓӄэтгъэк
ыныг
рычвантопԓыткок
кукэӈыԓьыт
мытчаёмык
пыквыт
мытрайъоӈына
Иквъэтэ
Урааа
гаваԓятатԓен
Рымавыттэм
гивэ
пэгԓягъэ
чейвыткук
тэӈэвыт
нэнатары
----------------------------------------
Epoch: 91 	 Loss: 0.12704019
----------------------------------------
н
ковԓёвԓьоԓьынъым
пъомпъоӈытэ
гыткаԓгыӄай
иӈэ
Ваамԓыӈата
Нутгыӄээтэ
ниԓгытэвӄинэт
рывоч
бъора
трэӄыгъэк
Ивнинэт
ӈаанӄоры
тэӈыръиԓеԓьэтӄинэ
тыпиритэтыԓьыт
Ӄэԓёӄъым
ынӄаат
гэԓгээнръэԓеӄин
трабидетынан
э
----------------------------------------
Epoch: 92 	 Loss: 0.13003597
----------------------------------------
ыʼм
икыръам
Гыргоча
мытратвааʼ
фонрэ
ӄутти
ыныкагтым
така
Ӄоратынӈын
Омэ
Мэмэй
нытваӄэнъымэ
мытъабэтчыӄэвмык
мытча
панмык
мыткэӈкэԓкнтвмат
оʼпты
орвы
еп
афтобуса
тпаак
иу
Ытԓьу
мытъанэԓёӄэн
нинэйыԓгыт

----------------------------------------
Epoch: 93 	 Loss: 0.12976578
----------------------------------------
оуктэԓӄыыннык
Ыммэмэй
гытгыпэры
ӈэвъэнйы
эмнуӈыԓьын
вакъогъат
тэӈувъэԓевигыт
ӄырымэнэ
иквъэт
ыʼттъыёԓкэнат
Йъэԓыги
рыто
иʼнничгэ
кымъычыкуйгым
ытԓьата
ӄоратыр
ынпычьын
ыныгрээн
ынпычча
мотчьатгъэ
ӄинин
----------------------------------------
Epoch: 94 	 Loss: 0.13648694
----------------------------------------
а
мычиНгэтэвнин
трасэӄойӈ
мыӄэпԓюгъэн
тэӈкэԓиткук
йНӈачыкогт
орвык
нымачӄэӄаяԓыӈкыӄаат
ӄыныгйивэквынэ
ӄуԓийъиԓгыкэ
ыныгрээт
Нивӄинъым
нэнагтоӄэнат
ӄинивигым
ӄыръиквэквыт
Эʼӄэԓьэм
миӈкэкин
наномаваквъое
----------------------------------------
Epoch: 95 	 Loss: 0.15498120
----------------------------------------
ырыкъым
эккэнэ
клубэты
гэегтэԓи
гъи
гъи
гатынтыя
Рыпаӄэтгагъак
тэԓиӈыт
тынйивэтвэ
Нэнатарычваӈӄем
яра
ынпычьэккэтэ
ваамъеквэыʼм
ниԓьуткуԓьэтӄинъым
нэнамӈыԓёӄэк
мытынмикги
тивтыԓетгъэк
нинэкиԓитивым
тэӈ
----------------------------------------
Epoch: 96 	 Loss: 0.16756611
----------------------------------------
Имӈэв
тынинтыгъат
сйгапанта
нэнатаԓямортын
гаӄавъёԓьатԓен
ӄуԓийъиԓгык
гэԓӄытԓин
Пэԓиʼԓьыт
гиныкытӄайвыт
уʼр
Йынон
пчеӄаԓгыӄая
энмэн
рыпы
гыргоча
мытваԓьынмыԓьын
ынӄо
Гаймычыко
пчеӄаԓгыӄай
Йыкиргъи
гаԓг
----------------------------------------
Epoch: 97 	 Loss: 0.18449186
----------------------------------------
ъыкинэ
ӄора
умԓыфонта
Мытэйкынэт
эʼйӈыԓьын
каӈкачгыргын
тынотапынманват
Ныгэкэӈыԓьэтӄинэт
тъынин
Ӄԓявыԓ
ӄаагтывавыԓьыт
эӄааткогъа
Рэв
Тыԓык
ытԓьат
гэмэсӄытви
Гымнан
трэнэԓгын
Ыннаны
ытԓьэн
нэԓьыт
Нывиԓ
----------------------------------------
Epoch: 98 	 Loss: 0.19300388
----------------------------------------
мъымэ
ӈоонӄэн
кэкэӄэй
ЭʼԓРыԓгыч
ԓьувъи
Этрэнкэ
Плири
пытӄэн
нэйпыгъэн
Кйӈ
мытттгъэԓеӈӄачак
аʼтчайгым
такчитэ
ымкычику
ванпат
нитэк
Тэӈвэнԓыги
Ныторгынан
триԓгытэквъэыʼм
мэԓьыттъывытрынэ
вездетык
Рэтим

----------------------------------------
Epoch: 99 	 Loss: 0.20859425
----------------------------------------

Нэмэсӄэтӄэнмык
рэԓӄыԓьыт
Нэнчирэтӄинэт
панэна
пыкирык
Ныпиригъэт
авъеткынка
ӄама
Ванэтан
майӈынанвакъоссӄэн
тумгинэт
нымигчирэтысӄивӄэнт
ыʼԓык
итгъи
гъэӄинэт
ӄаатъан
Танӈоӈоч
чай
ныгъат
мытрэнэ
иквъиы
----------------------------------------
Epoch: 100 	 Loss: 0.20284926
----------------------------------------
трэйкыкинэт
Тэтԓыги
Нэгчейвоԓен
Онык
гтыче
прих
ещрэ
йъочача
нитӄинэт
маманэн
ынпыӈэвӄэе
яраԓьыт
ныԓгиныӈинмури
к
ивмытриԓгытэвӈэ
Ԓьунин
черутэ
йъотъра
эчкимочԓьама
Тыйъоаʼн
нидэлейкы
Муриыʼм
какчетԓев
----------------------------------------
